#! /usr/bin/vvp
:ivl_version "10.3 (stable)";
:ivl_delay_selection "TYPICAL";
:vpi_time_precision - 11;
:vpi_module "system";
:vpi_module "vhdl_sys";
:vpi_module "v2005_math";
:vpi_module "va_math";
S_0x55b022244fe0 .scope module, "mips_tb" "mips_tb" 2 3;
 .timescale -9 -11;
v0x55b022295060_0 .var "clk", 0 0;
v0x55b022295100_0 .var/i "i", 31 0;
v0x55b0222951e0_0 .var "rst", 0 0;
S_0x55b02223a900 .scope module, "m" "mips" 2 7, 3 1 0, S_0x55b022244fe0;
 .timescale 0 0;
    .port_info 0 /INPUT 1 "clk"
    .port_info 1 /INPUT 1 "rst"
v0x55b022293720_0 .net "MultDoneE", 0 0, L_0x55b0222acb80;  1 drivers
v0x55b0222937e0_0 .net "MultStartE", 0 0, L_0x55b0222aca50;  1 drivers
v0x55b0222938a0_0 .net "RegWriteE", 0 0, L_0x55b0222ad460;  1 drivers
v0x55b0222939d0_0 .net "RegWriteM", 0 0, L_0x55b0222ada00;  1 drivers
v0x55b022293b00_0 .net "RegWriteW", 0 0, L_0x55b0222adae0;  1 drivers
v0x55b022293c30_0 .net "RsD", 4 0, L_0x55b0222acff0;  1 drivers
v0x55b022293d60_0 .net "RsE", 4 0, L_0x55b0222ad690;  1 drivers
v0x55b022293e90_0 .net "RtD", 4 0, L_0x55b0222ad0c0;  1 drivers
v0x55b022293fe0_0 .net "RtE", 4 0, L_0x55b0222ad730;  1 drivers
v0x55b0222941c0_0 .net "WBSrcE", 2 0, L_0x55b0222ad2d0;  1 drivers
v0x55b022294280_0 .net "WBSrcM", 2 0, L_0x55b0222ad900;  1 drivers
v0x55b022294340_0 .net "WriteRegE", 4 0, L_0x55b0222ad560;  1 drivers
v0x55b022294490_0 .net "WriteRegM", 4 0, L_0x55b0222ada70;  1 drivers
v0x55b0222945e0_0 .net "WriteRegW", 4 0, L_0x55b0222adb50;  1 drivers
v0x55b022294730_0 .net "branchD", 1 0, L_0x55b0222acde0;  1 drivers
v0x55b0222947f0_0 .net "clk", 0 0, v0x55b022295060_0;  1 drivers
v0x55b022294890_0 .net "flushE", 0 0, v0x55b022290fc0_0;  1 drivers
v0x55b022294a40_0 .net "forwardAD", 0 0, v0x55b02228fdd0_0;  1 drivers
v0x55b022294ae0_0 .net "forwardAE", 1 0, v0x55b02228fe90_0;  1 drivers
v0x55b022294c30_0 .net "forwardBD", 0 0, v0x55b02228ffa0_0;  1 drivers
v0x55b022294cd0_0 .net "forwardBE", 1 0, v0x55b022290040_0;  1 drivers
v0x55b022294e20_0 .net "rst", 0 0, v0x55b0222951e0_0;  1 drivers
v0x55b022294ec0_0 .net "stallD", 0 0, v0x55b0222919d0_0;  1 drivers
v0x55b022294f60_0 .net "stallF", 0 0, v0x55b022291a70_0;  1 drivers
S_0x55b02223a520 .scope module, "dp" "datapath" 3 21, 4 1 0, S_0x55b02223a900;
 .timescale 0 0;
    .port_info 0 /INPUT 1 "clk"
    .port_info 1 /INPUT 1 "rst"
    .port_info 2 /INPUT 1 "stallF"
    .port_info 3 /INPUT 1 "stallD"
    .port_info 4 /INPUT 1 "forwardAD"
    .port_info 5 /INPUT 1 "forwardBD"
    .port_info 6 /OUTPUT 2 "branchD"
    .port_info 7 /OUTPUT 5 "RsD"
    .port_info 8 /OUTPUT 5 "RtD"
    .port_info 9 /INPUT 1 "flushE"
    .port_info 10 /INPUT 2 "forwardAE"
    .port_info 11 /INPUT 2 "forwardBE"
    .port_info 12 /OUTPUT 1 "RegWriteE"
    .port_info 13 /OUTPUT 1 "MultStartE"
    .port_info 14 /OUTPUT 1 "MultDoneE"
    .port_info 15 /OUTPUT 3 "WBSrcE"
    .port_info 16 /OUTPUT 5 "RsE"
    .port_info 17 /OUTPUT 5 "RtE"
    .port_info 18 /OUTPUT 5 "WriteRegE"
    .port_info 19 /OUTPUT 1 "RegWriteM"
    .port_info 20 /OUTPUT 3 "WBSrcM"
    .port_info 21 /OUTPUT 5 "WriteRegM"
    .port_info 22 /OUTPUT 1 "RegWriteW"
    .port_info 23 /OUTPUT 5 "WriteRegW"
L_0x55b0222acde0 .functor BUFZ 2, L_0x55b0222a62a0, C4<00>, C4<00>, C4<00>;
L_0x55b0222ad2d0 .functor BUFZ 3, L_0x55b0222a89b0, C4<000>, C4<000>, C4<000>;
L_0x55b0222ad460 .functor BUFZ 1, v0x55b022282240_0, C4<0>, C4<0>, C4<0>;
L_0x55b0222ad560 .functor BUFZ 5, L_0x55b0222a8d80, C4<00000>, C4<00000>, C4<00000>;
L_0x55b0222ad900 .functor BUFZ 3, v0x55b022287fd0_0, C4<000>, C4<000>, C4<000>;
L_0x55b0222ada00 .functor BUFZ 1, v0x55b0222885d0_0, C4<0>, C4<0>, C4<0>;
L_0x55b0222ada70 .functor BUFZ 5, v0x55b0222888e0_0, C4<00000>, C4<00000>, C4<00000>;
L_0x55b0222adae0 .functor BUFZ 1, v0x55b022289f30_0, C4<0>, C4<0>, C4<0>;
L_0x55b0222adb50 .functor BUFZ 5, L_0x55b0222ac470, C4<00000>, C4<00000>, C4<00000>;
v0x55b0222891e0_0 .net "ALUMultOutE", 31 0, L_0x55b0222abce0;  1 drivers
v0x55b02228b240_0 .net "ALUMultOutM", 31 0, L_0x55b0222abe10;  1 drivers
v0x55b02228b300_0 .net "InstrF", 31 0, L_0x55b0222953c0;  1 drivers
v0x55b02228b3a0_0 .net "MemWriteE", 0 0, L_0x55b0222a8940;  1 drivers
v0x55b02228b440_0 .net "MultDoneE", 0 0, L_0x55b0222acb80;  alias, 1 drivers
v0x55b02228b500_0 .net "MultDoneE_", 0 0, L_0x55b0222ab600;  1 drivers
v0x55b02228b5a0_0 .net "MultStartE", 0 0, L_0x55b0222aca50;  alias, 1 drivers
v0x55b02228b640_0 .net "MultStartE_", 0 0, L_0x55b0222a8d10;  1 drivers
v0x55b02228b730_0 .net "PC", 31 0, L_0x55b0222ac9b0;  1 drivers
v0x55b02228b7f0_0 .net "PCPlus4E", 31 0, L_0x55b0222a8c50;  1 drivers
v0x55b02228b8b0_0 .net "PCPlus4F", 31 0, L_0x55b022295500;  1 drivers
v0x55b02228b970_0 .net "PCPlus8M", 31 0, v0x55b022287780_0;  1 drivers
v0x55b02228ba30_0 .net "RdE_", 4 0, v0x55b022281e00_0;  1 drivers
v0x55b02228baf0_0 .net "ReadDataM", 31 0, v0x55b022287d60_0;  1 drivers
v0x55b02228bbe0_0 .net "RegWriteE", 0 0, L_0x55b0222ad460;  alias, 1 drivers
v0x55b02228bca0_0 .net "RegWriteE_", 0 0, v0x55b022282240_0;  1 drivers
v0x55b02228bd90_0 .net "RegWriteM", 0 0, L_0x55b0222ada00;  alias, 1 drivers
v0x55b02228bf60_0 .net "RegWriteM_", 0 0, v0x55b0222885d0_0;  1 drivers
v0x55b02228c050_0 .net "RegWriteW", 0 0, L_0x55b0222adae0;  alias, 1 drivers
v0x55b02228c110_0 .net "RegWriteW_", 0 0, v0x55b022289f30_0;  1 drivers
v0x55b02228c1b0_0 .net "RsD", 4 0, L_0x55b0222acff0;  alias, 1 drivers
v0x55b02228c290_0 .net "RsE", 4 0, L_0x55b0222ad690;  alias, 1 drivers
v0x55b02228c370_0 .net "RsE_", 4 0, v0x55b022282590_0;  1 drivers
v0x55b02228c430_0 .net "RtD", 4 0, L_0x55b0222ad0c0;  alias, 1 drivers
v0x55b02228c4f0_0 .net "RtE", 4 0, L_0x55b0222ad730;  alias, 1 drivers
v0x55b02228c5d0_0 .net "RtE_", 4 0, v0x55b0222827f0_0;  1 drivers
v0x55b02228c690_0 .net "WBSrcD", 2 0, L_0x55b0222a5be0;  1 drivers
v0x55b02228c730_0 .net "WBSrcE", 2 0, L_0x55b0222ad2d0;  alias, 1 drivers
v0x55b02228c810_0 .net "WBSrcE_", 2 0, L_0x55b0222a89b0;  1 drivers
v0x55b02228c920_0 .net "WBSrcM", 2 0, L_0x55b0222ad900;  alias, 1 drivers
v0x55b02228ca00_0 .net "WBSrcM_", 2 0, v0x55b022287fd0_0;  1 drivers
v0x55b02228cb10_0 .net "WriteDataE", 31 0, L_0x55b0222a9080;  1 drivers
v0x55b02228cc20_0 .net "WriteRegE", 4 0, L_0x55b0222ad560;  alias, 1 drivers
v0x55b02228cd00_0 .net "WriteRegE_", 4 0, L_0x55b0222a8d80;  1 drivers
v0x55b02228ce10_0 .net "WriteRegM", 4 0, L_0x55b0222ada70;  alias, 1 drivers
v0x55b02228cef0_0 .net "WriteRegM_", 4 0, v0x55b0222888e0_0;  1 drivers
v0x55b02228d000_0 .net "WriteRegW", 4 0, L_0x55b0222adb50;  alias, 1 drivers
v0x55b02228d0e0_0 .net *"_s10", 9 0, L_0x55b0222ad160;  1 drivers
v0x55b02228d1c0_0 .net *"_s21", 9 0, L_0x55b0222ad7d0;  1 drivers
v0x55b02228d2a0_0 .net *"_s3", 1 0, L_0x55b0222accb0;  1 drivers
v0x55b02228d380_0 .net "alucontrolD", 2 0, L_0x55b0222a5e40;  1 drivers
v0x55b02228d440_0 .net "alusrcD", 1 0, L_0x55b0222a6000;  1 drivers
v0x55b02228d500_0 .net "branchD", 1 0, L_0x55b0222acde0;  alias, 1 drivers
v0x55b02228d5e0_0 .net "branchD_", 1 0, L_0x55b0222a62a0;  1 drivers
v0x55b02228d6a0_0 .net "clk", 0 0, v0x55b022295060_0;  alias, 1 drivers
v0x55b02228d740_0 .net "flushE", 0 0, v0x55b022290fc0_0;  alias, 1 drivers
v0x55b02228d7e0_0 .net "forwardAD", 0 0, v0x55b02228fdd0_0;  alias, 1 drivers
v0x55b02228d880_0 .net "forwardAE", 1 0, v0x55b02228fe90_0;  alias, 1 drivers
v0x55b02228d920_0 .net "forwardBD", 0 0, v0x55b02228ffa0_0;  alias, 1 drivers
v0x55b02228da10_0 .net "forwardBE", 1 0, v0x55b022290040_0;  alias, 1 drivers
v0x55b02228dab0_0 .net "jumpD", 0 0, L_0x55b0222a6340;  1 drivers
v0x55b02228dbe0_0 .net "jumpE", 0 0, L_0x55b0222a7790;  1 drivers
v0x55b02228dc80_0 .net "jumpM", 0 0, v0x55b022288d00_0;  1 drivers
v0x55b02228dd70_0 .net "jumpdstD", 27 0, L_0x55b0222a87e0;  1 drivers
v0x55b02228de60_0 .net "memwriteD", 0 0, L_0x55b0222a5d10;  1 drivers
v0x55b02228df00_0 .net "multsgnD", 0 0, L_0x55b0222a65e0;  1 drivers
v0x55b02228dfa0_0 .net "multstartD", 0 0, L_0x55b0222a6540;  1 drivers
v0x55b02228e040_0 .net "pcbranchD", 31 0, L_0x55b0222a80b0;  1 drivers
v0x55b02228e100_0 .net "pcplus4D", 31 0, v0x55b022275940_0;  1 drivers
v0x55b02228e250_0 .net "pcsrcD", 0 0, v0x55b022257140_0;  1 drivers
v0x55b02228e2f0_0 .net "rd1d", 31 0, L_0x55b0222a8270;  1 drivers
v0x55b02228e440_0 .net "rd2d", 31 0, L_0x55b0222a83a0;  1 drivers
v0x55b02228e590_0 .net "reD", 4 0, L_0x55b0222a7800;  1 drivers
v0x55b02228e650_0 .net "regdstD", 0 0, L_0x55b0222a6130;  1 drivers
v0x55b02228e6f0_0 .net "regwriteD", 0 0, L_0x55b0222a5ab0;  1 drivers
v0x55b02228eba0_0 .net "resultW", 31 0, L_0x55b0222ac270;  1 drivers
v0x55b02228ecd0_0 .net "rsD", 4 0, L_0x55b0222a7540;  1 drivers
v0x55b02228ed70_0 .net "rst", 0 0, v0x55b0222951e0_0;  alias, 1 drivers
v0x55b02228ee10_0 .net "rtD", 4 0, L_0x55b0222a75e0;  1 drivers
v0x55b02228eeb0_0 .net "signimmD", 31 0, L_0x55b0222a7b80;  1 drivers
v0x55b02228efe0_0 .net "stallD", 0 0, v0x55b0222919d0_0;  alias, 1 drivers
v0x55b02228f080_0 .net "stallF", 0 0, v0x55b022291a70_0;  alias, 1 drivers
v0x55b02228f120_0 .net "unsignimmD", 31 0, L_0x55b0222a7d90;  1 drivers
v0x55b02228f1e0_0 .net "writeregW", 4 0, L_0x55b0222ac470;  1 drivers
L_0x55b0222aca50 .part L_0x55b0222accb0, 1, 1;
L_0x55b0222acb80 .part L_0x55b0222accb0, 0, 1;
L_0x55b0222accb0 .concat [ 1 1 0 0], L_0x55b0222ab600, L_0x55b0222a8d10;
L_0x55b0222acff0 .part L_0x55b0222ad160, 5, 5;
L_0x55b0222ad0c0 .part L_0x55b0222ad160, 0, 5;
L_0x55b0222ad160 .concat [ 5 5 0 0], L_0x55b0222a75e0, L_0x55b0222a7540;
L_0x55b0222ad690 .part L_0x55b0222ad7d0, 5, 5;
L_0x55b0222ad730 .part L_0x55b0222ad7d0, 0, 5;
L_0x55b0222ad7d0 .concat [ 5 5 0 0], v0x55b0222827f0_0, v0x55b022282590_0;
S_0x55b02223a140 .scope module, "d" "decode" 4 37, 5 3 0, S_0x55b02223a520;
 .timescale 0 0;
    .port_info 0 /INPUT 1 "clk"
    .port_info 1 /INPUT 1 "reset"
    .port_info 2 /INPUT 1 "stallD"
    .port_info 3 /INPUT 32 "instrF"
    .port_info 4 /INPUT 32 "pcplus4F"
    .port_info 5 /INPUT 1 "forwardAD"
    .port_info 6 /INPUT 1 "forwardBD"
    .port_info 7 /INPUT 5 "writeregW"
    .port_info 8 /INPUT 32 "resultW"
    .port_info 9 /INPUT 32 "aluoutM"
    .port_info 10 /INPUT 1 "regwriteW"
    .port_info 11 /OUTPUT 32 "pcplus4D"
    .port_info 12 /OUTPUT 32 "pcbranchD"
    .port_info 13 /OUTPUT 2 "branchD"
    .port_info 14 /OUTPUT 2 "alusrcD"
    .port_info 15 /OUTPUT 3 "wbsrcD"
    .port_info 16 /OUTPUT 3 "alucontrolD"
    .port_info 17 /OUTPUT 5 "rsD"
    .port_info 18 /OUTPUT 5 "rtD"
    .port_info 19 /OUTPUT 5 "reD"
    .port_info 20 /OUTPUT 32 "signimmD"
    .port_info 21 /OUTPUT 32 "unsignimmD"
    .port_info 22 /OUTPUT 1 "multstartD"
    .port_info 23 /OUTPUT 1 "multsgnD"
    .port_info 24 /OUTPUT 1 "regwriteD"
    .port_info 25 /OUTPUT 1 "memwriteD"
    .port_info 26 /OUTPUT 1 "regdstD"
    .port_info 27 /OUTPUT 1 "jumpD"
    .port_info 28 /OUTPUT 1 "pcsrcD"
    .port_info 29 /OUTPUT 32 "rd1d"
    .port_info 30 /OUTPUT 32 "rd2d"
    .port_info 31 /OUTPUT 28 "jumpdstD"
L_0x55b02227e6f0 .functor BUFZ 1, L_0x55b0222a6340, C4<0>, C4<0>, C4<0>;
L_0x55b0222a5820 .functor OR 1, L_0x55b0222a56e0, L_0x55b0222a5780, C4<0>, C4<0>;
v0x55b022279c90_0 .net *"_s10", 0 0, L_0x55b0222a5780;  1 drivers
v0x55b022279d70_0 .net *"_s11", 0 0, L_0x55b0222a5820;  1 drivers
v0x55b022279e50_0 .net *"_s16", 63 0, L_0x55b0222a59d0;  1 drivers
v0x55b022279f40_0 .net *"_s3", 0 0, L_0x55b02227e6f0;  1 drivers
v0x55b02227a020_0 .net *"_s37", 25 0, L_0x55b0222a84d0;  1 drivers
v0x55b02227a150_0 .net *"_s38", 27 0, L_0x55b0222a8600;  1 drivers
L_0x7f182a767378 .functor BUFT 1, C4<00>, C4<0>, C4<0>, C4<0>;
v0x55b02227a230_0 .net *"_s41", 1 0, L_0x7f182a767378;  1 drivers
v0x55b02227a310_0 .net *"_s44", 25 0, L_0x55b0222a86a0;  1 drivers
L_0x7f182a7673c0 .functor BUFT 1, C4<00>, C4<0>, C4<0>, C4<0>;
v0x55b02227a3f0_0 .net *"_s46", 1 0, L_0x7f182a7673c0;  1 drivers
v0x55b02227a560_0 .net *"_s8", 0 0, L_0x55b0222a56e0;  1 drivers
v0x55b02227a640_0 .net "alucontrolD", 2 0, L_0x55b0222a5e40;  alias, 1 drivers
v0x55b02227a700_0 .net "aluoutM", 31 0, L_0x55b0222abe10;  alias, 1 drivers
v0x55b02227a7a0_0 .net "alusrcD", 1 0, L_0x55b0222a6000;  alias, 1 drivers
v0x55b02227a860_0 .net "branchD", 1 0, L_0x55b0222a62a0;  alias, 1 drivers
v0x55b02227a950_0 .net "clear", 1 0, L_0x55b0222a5640;  1 drivers
v0x55b02227aa10_0 .net "clk", 0 0, v0x55b022295060_0;  alias, 1 drivers
v0x55b02227ab00_0 .net "currentinstr", 31 0, L_0x55b0222a5890;  1 drivers
v0x55b02227aba0_0 .net "currentpcplus4", 31 0, L_0x55b0222a5930;  1 drivers
v0x55b02227ac70_0 .net "forwardAD", 0 0, v0x55b02228fdd0_0;  alias, 1 drivers
v0x55b02227ad40_0 .net "forwardBD", 0 0, v0x55b02228ffa0_0;  alias, 1 drivers
v0x55b02227ae10_0 .net "instrD", 31 0, v0x55b022275730_0;  1 drivers
v0x55b02227aee0_0 .net "instrF", 31 0, L_0x55b0222953c0;  alias, 1 drivers
v0x55b02227afb0_0 .net "jumpD", 0 0, L_0x55b0222a6340;  alias, 1 drivers
v0x55b02227b080_0 .net "jumpdstD", 27 0, L_0x55b0222a87e0;  alias, 1 drivers
v0x55b02227b120_0 .net "memwriteD", 0 0, L_0x55b0222a5d10;  alias, 1 drivers
v0x55b02227b1f0_0 .net "multsgnD", 0 0, L_0x55b0222a65e0;  alias, 1 drivers
v0x55b02227b2c0_0 .net "multstartD", 0 0, L_0x55b0222a6540;  alias, 1 drivers
v0x55b02227b390_0 .net "pcbranchD", 31 0, L_0x55b0222a80b0;  alias, 1 drivers
v0x55b02227b460_0 .net "pcplus4D", 31 0, v0x55b022275940_0;  alias, 1 drivers
v0x55b02227b550_0 .net "pcplus4F", 31 0, L_0x55b022295500;  alias, 1 drivers
v0x55b02227b5f0_0 .net "pcsrcD", 0 0, v0x55b022257140_0;  alias, 1 drivers
v0x55b02227b6c0_0 .net "rd1", 31 0, L_0x55b0222a6c30;  1 drivers
v0x55b02227b7b0_0 .net "rd1d", 31 0, L_0x55b0222a8270;  alias, 1 drivers
v0x55b02227bab0_0 .net "rd2", 31 0, L_0x55b0222a7250;  1 drivers
v0x55b02227bba0_0 .net "rd2d", 31 0, L_0x55b0222a83a0;  alias, 1 drivers
v0x55b02227bc90_0 .net "reD", 4 0, L_0x55b0222a7800;  alias, 1 drivers
v0x55b02227bd50_0 .net "regdstD", 0 0, L_0x55b0222a6130;  alias, 1 drivers
v0x55b02227bdf0_0 .net "regwriteD", 0 0, L_0x55b0222a5ab0;  alias, 1 drivers
v0x55b02227be90_0 .net "regwriteW", 0 0, v0x55b022289f30_0;  alias, 1 drivers
v0x55b02227bf30_0 .net "reset", 0 0, v0x55b0222951e0_0;  alias, 1 drivers
v0x55b02227c020_0 .net "resultW", 31 0, L_0x55b0222ac270;  alias, 1 drivers
v0x55b02227c0c0_0 .net "rsD", 4 0, L_0x55b0222a7540;  alias, 1 drivers
v0x55b02227c160_0 .net "rtD", 4 0, L_0x55b0222a75e0;  alias, 1 drivers
v0x55b02227c220_0 .net "shiftedsignimm", 31 0, L_0x55b0222a7f70;  1 drivers
v0x55b02227c330_0 .net "signimmD", 31 0, L_0x55b0222a7b80;  alias, 1 drivers
v0x55b02227c440_0 .net "stallD", 0 0, v0x55b0222919d0_0;  alias, 1 drivers
v0x55b02227c4e0_0 .net "unsignimmD", 31 0, L_0x55b0222a7d90;  alias, 1 drivers
v0x55b02227c580_0 .net "wbsrcD", 2 0, L_0x55b0222a5be0;  alias, 1 drivers
v0x55b02227c620_0 .net "writeregW", 4 0, L_0x55b0222ac470;  alias, 1 drivers
L_0x55b0222a5640 .concat8 [ 1 1 0 0], L_0x55b0222a5820, L_0x55b02227e6f0;
L_0x55b0222a56e0 .part L_0x55b0222a62a0, 0, 1;
L_0x55b0222a5780 .part L_0x55b0222a62a0, 1, 1;
L_0x55b0222a5890 .part L_0x55b0222a59d0, 32, 32;
L_0x55b0222a5930 .part L_0x55b0222a59d0, 0, 32;
L_0x55b0222a59d0 .concat [ 32 32 0 0], v0x55b022275940_0, v0x55b022275730_0;
L_0x55b0222a67e0 .part v0x55b022275730_0, 26, 6;
L_0x55b0222a6880 .part v0x55b022275730_0, 0, 6;
L_0x55b0222a73a0 .part v0x55b022275730_0, 21, 5;
L_0x55b0222a7440 .part v0x55b022275730_0, 16, 5;
L_0x55b0222a7540 .part v0x55b022275730_0, 21, 5;
L_0x55b0222a75e0 .part v0x55b022275730_0, 16, 5;
L_0x55b0222a7800 .part v0x55b022275730_0, 11, 5;
L_0x55b0222a7c70 .part v0x55b022275730_0, 0, 16;
L_0x55b0222a7e30 .part v0x55b022275730_0, 0, 16;
L_0x55b0222a84d0 .part v0x55b022275730_0, 0, 26;
L_0x55b0222a8600 .concat [ 26 2 0 0], L_0x55b0222a84d0, L_0x7f182a767378;
L_0x55b0222a86a0 .part L_0x55b0222a8600, 0, 26;
L_0x55b0222a87e0 .concat [ 2 26 0 0], L_0x7f182a7673c0, L_0x55b0222a86a0;
S_0x55b022239d60 .scope module, "bc" "branchComparison" 5 57, 5 194 0, S_0x55b02223a140;
 .timescale 0 0;
    .port_info 0 /INPUT 32 "SRCA"
    .port_info 1 /INPUT 32 "SRCB"
    .port_info 2 /INPUT 2 "OP"
    .port_info 3 /OUTPUT 1 "COMP"
v0x55b022257140_0 .var "COMP", 0 0;
v0x55b022223b80_0 .net "OP", 1 0, L_0x55b0222a62a0;  alias, 1 drivers
v0x55b022223c80_0 .net "SRCA", 31 0, L_0x55b0222a8270;  alias, 1 drivers
v0x55b022255b10_0 .net "SRCB", 31 0, L_0x55b0222a83a0;  alias, 1 drivers
E_0x55b0221e8e90 .event edge, v0x55b022223b80_0, v0x55b022223c80_0, v0x55b022255b10_0;
S_0x55b0222742c0 .scope module, "c" "controller" 5 30, 5 93 0, S_0x55b02223a140;
 .timescale 0 0;
    .port_info 0 /INPUT 6 "opD"
    .port_info 1 /INPUT 6 "functD"
    .port_info 2 /OUTPUT 1 "multstartD"
    .port_info 3 /OUTPUT 1 "multsgnD"
    .port_info 4 /OUTPUT 2 "branchD"
    .port_info 5 /OUTPUT 3 "wbsrcD"
    .port_info 6 /OUTPUT 1 "memwriteD"
    .port_info 7 /OUTPUT 2 "alusrcD"
    .port_info 8 /OUTPUT 1 "regdstD"
    .port_info 9 /OUTPUT 1 "regwriteD"
    .port_info 10 /OUTPUT 1 "jumpD"
    .port_info 11 /OUTPUT 3 "alucontrolD"
v0x55b022255be0_0 .net *"_s12", 15 0, v0x55b022274780_0;  1 drivers
v0x55b0221863a0_0 .net "alucontrolD", 2 0, L_0x55b0222a5e40;  alias, 1 drivers
v0x55b022261f50_0 .net "alusrcD", 1 0, L_0x55b0222a6000;  alias, 1 drivers
v0x55b0222746c0_0 .net "branchD", 1 0, L_0x55b0222a62a0;  alias, 1 drivers
v0x55b022274780_0 .var "controls", 15 0;
v0x55b022274890_0 .net "functD", 5 0, L_0x55b0222a6880;  1 drivers
v0x55b022274970_0 .net "jumpD", 0 0, L_0x55b0222a6340;  alias, 1 drivers
v0x55b022274a30_0 .net "memwriteD", 0 0, L_0x55b0222a5d10;  alias, 1 drivers
v0x55b022274af0_0 .net "multsgnD", 0 0, L_0x55b0222a65e0;  alias, 1 drivers
v0x55b022274bb0_0 .net "multstartD", 0 0, L_0x55b0222a6540;  alias, 1 drivers
v0x55b022274c70_0 .net "opD", 5 0, L_0x55b0222a67e0;  1 drivers
v0x55b022274d50_0 .net "regdstD", 0 0, L_0x55b0222a6130;  alias, 1 drivers
v0x55b022274e10_0 .net "regwriteD", 0 0, L_0x55b0222a5ab0;  alias, 1 drivers
v0x55b022274ed0_0 .net "wbsrcD", 2 0, L_0x55b0222a5be0;  alias, 1 drivers
E_0x55b0221e9300 .event edge, v0x55b022274c70_0, v0x55b022274890_0;
L_0x55b0222a5ab0 .part v0x55b022274780_0, 15, 1;
L_0x55b0222a5be0 .part v0x55b022274780_0, 12, 3;
L_0x55b0222a5d10 .part v0x55b022274780_0, 11, 1;
L_0x55b0222a5e40 .part v0x55b022274780_0, 8, 3;
L_0x55b0222a6000 .part v0x55b022274780_0, 6, 2;
L_0x55b0222a6130 .part v0x55b022274780_0, 5, 1;
L_0x55b0222a62a0 .part v0x55b022274780_0, 3, 2;
L_0x55b0222a6340 .part v0x55b022274780_0, 2, 1;
L_0x55b0222a6540 .part v0x55b022274780_0, 1, 1;
L_0x55b0222a65e0 .part v0x55b022274780_0, 0, 1;
S_0x55b022275130 .scope module, "fdg" "fdgate" 5 26, 5 64 0, S_0x55b02223a140;
 .timescale 0 0;
    .port_info 0 /INPUT 1 "clk"
    .port_info 1 /INPUT 1 "rst"
    .port_info 2 /INPUT 1 "stallD"
    .port_info 3 /INPUT 2 "clear"
    .port_info 4 /INPUT 32 "instrF"
    .port_info 5 /INPUT 32 "pcplus4F"
    .port_info 6 /INPUT 32 "ci"
    .port_info 7 /INPUT 32 "cp"
    .port_info 8 /OUTPUT 32 "instrD"
    .port_info 9 /OUTPUT 32 "pcplus4D"
v0x55b0222753d0_0 .net "ci", 31 0, L_0x55b0222a5890;  alias, 1 drivers
v0x55b0222754d0_0 .net "clear", 1 0, L_0x55b0222a5640;  alias, 1 drivers
v0x55b0222755b0_0 .net "clk", 0 0, v0x55b022295060_0;  alias, 1 drivers
v0x55b022275650_0 .net "cp", 31 0, L_0x55b0222a5930;  alias, 1 drivers
v0x55b022275730_0 .var "instrD", 31 0;
v0x55b022275860_0 .net "instrF", 31 0, L_0x55b0222953c0;  alias, 1 drivers
v0x55b022275940_0 .var "pcplus4D", 31 0;
v0x55b022275a20_0 .net "pcplus4F", 31 0, L_0x55b022295500;  alias, 1 drivers
v0x55b022275b00_0 .net "rst", 0 0, v0x55b0222951e0_0;  alias, 1 drivers
v0x55b022275bc0_0 .net "stallD", 0 0, v0x55b0222919d0_0;  alias, 1 drivers
E_0x55b0221e85d0 .event posedge, v0x55b0222754d0_0, v0x55b022275b00_0, v0x55b0222755b0_0;
S_0x55b022275dc0 .scope module, "immsh" "sl2" 5 51, 5 188 0, S_0x55b02223a140;
 .timescale 0 0;
    .port_info 0 /INPUT 32 "a"
    .port_info 1 /OUTPUT 32 "y"
v0x55b022275f60_0 .net *"_s2", 29 0, L_0x55b0222a7ed0;  1 drivers
L_0x7f182a767330 .functor BUFT 1, C4<00>, C4<0>, C4<0>, C4<0>;
v0x55b022276060_0 .net *"_s4", 1 0, L_0x7f182a767330;  1 drivers
v0x55b022276140_0 .net "a", 31 0, L_0x55b0222a7b80;  alias, 1 drivers
v0x55b022276200_0 .net "y", 31 0, L_0x55b0222a7f70;  alias, 1 drivers
L_0x55b0222a7ed0 .part L_0x55b0222a7b80, 0, 30;
L_0x55b0222a7f70 .concat [ 2 30 0 0], L_0x7f182a767330, L_0x55b0222a7ed0;
S_0x55b022276340 .scope module, "mux1D" "mux2" 5 55, 6 19 0, S_0x55b02223a140;
 .timescale 0 0;
    .port_info 0 /INPUT 32 "d0"
    .port_info 1 /INPUT 32 "d1"
    .port_info 2 /INPUT 1 "s"
    .port_info 3 /OUTPUT 32 "y"
P_0x55b022276560 .param/l "WIDTH" 0 6 19, +C4<00000000000000000000000000100000>;
v0x55b022276630_0 .net "d0", 31 0, L_0x55b0222a6c30;  alias, 1 drivers
v0x55b022276710_0 .net "d1", 31 0, L_0x55b0222abe10;  alias, 1 drivers
v0x55b0222767f0_0 .net "s", 0 0, v0x55b02228fdd0_0;  alias, 1 drivers
v0x55b0222768c0_0 .net "y", 31 0, L_0x55b0222a8270;  alias, 1 drivers
L_0x55b0222a8270 .functor MUXZ 32, L_0x55b0222a6c30, L_0x55b0222abe10, v0x55b02228fdd0_0, C4<>;
S_0x55b022276a40 .scope module, "mux2D" "mux2" 5 56, 6 19 0, S_0x55b02223a140;
 .timescale 0 0;
    .port_info 0 /INPUT 32 "d0"
    .port_info 1 /INPUT 32 "d1"
    .port_info 2 /INPUT 1 "s"
    .port_info 3 /OUTPUT 32 "y"
P_0x55b022276c10 .param/l "WIDTH" 0 6 19, +C4<00000000000000000000000000100000>;
v0x55b022276d50_0 .net "d0", 31 0, L_0x55b0222a7250;  alias, 1 drivers
v0x55b022276e50_0 .net "d1", 31 0, L_0x55b0222abe10;  alias, 1 drivers
v0x55b022276f40_0 .net "s", 0 0, v0x55b02228ffa0_0;  alias, 1 drivers
v0x55b022277010_0 .net "y", 31 0, L_0x55b0222a83a0;  alias, 1 drivers
L_0x55b0222a83a0 .functor MUXZ 32, L_0x55b0222a7250, L_0x55b0222abe10, v0x55b02228ffa0_0, C4<>;
S_0x55b022277170 .scope module, "pcaddD" "adderD" 5 52, 5 181 0, S_0x55b02223a140;
 .timescale 0 0;
    .port_info 0 /INPUT 32 "a"
    .port_info 1 /INPUT 32 "b"
    .port_info 2 /OUTPUT 32 "y"
v0x55b0222773b0_0 .net "a", 31 0, v0x55b022275940_0;  alias, 1 drivers
v0x55b022277490_0 .net "b", 31 0, L_0x55b0222a7f70;  alias, 1 drivers
v0x55b022277560_0 .net "y", 31 0, L_0x55b0222a80b0;  alias, 1 drivers
L_0x55b0222a80b0 .arith/sum 32, v0x55b022275940_0, L_0x55b0222a7f70;
S_0x55b0222776b0 .scope module, "rf" "regfile" 5 38, 5 151 0, S_0x55b02223a140;
 .timescale 0 0;
    .port_info 0 /INPUT 1 "clk"
    .port_info 1 /INPUT 1 "we3"
    .port_info 2 /INPUT 1 "rst"
    .port_info 3 /INPUT 5 "a1"
    .port_info 4 /INPUT 5 "a2"
    .port_info 5 /INPUT 5 "wa3"
    .port_info 6 /INPUT 32 "wd3"
    .port_info 7 /OUTPUT 32 "rd1"
    .port_info 8 /OUTPUT 32 "rd2"
v0x55b0222779d0_0 .net *"_s0", 31 0, L_0x55b0222a69b0;  1 drivers
v0x55b022277ad0_0 .net *"_s10", 6 0, L_0x55b0222a6b90;  1 drivers
L_0x7f182a767138 .functor BUFT 1, C4<00>, C4<0>, C4<0>, C4<0>;
v0x55b022277bb0_0 .net *"_s13", 1 0, L_0x7f182a767138;  1 drivers
L_0x7f182a767180 .functor BUFT 1, C4<00000000000000000000000000000000>, C4<0>, C4<0>, C4<0>;
v0x55b022277ca0_0 .net/2u *"_s14", 31 0, L_0x7f182a767180;  1 drivers
v0x55b022277d80_0 .net *"_s18", 31 0, L_0x55b0222a6cd0;  1 drivers
L_0x7f182a7671c8 .functor BUFT 1, C4<000000000000000000000000000>, C4<0>, C4<0>, C4<0>;
v0x55b022277eb0_0 .net *"_s21", 26 0, L_0x7f182a7671c8;  1 drivers
L_0x7f182a767210 .functor BUFT 1, C4<00000000000000000000000000000000>, C4<0>, C4<0>, C4<0>;
v0x55b022277f90_0 .net/2u *"_s22", 31 0, L_0x7f182a767210;  1 drivers
v0x55b022278070_0 .net *"_s24", 0 0, L_0x55b0222a6e00;  1 drivers
v0x55b022278130_0 .net *"_s26", 31 0, L_0x55b0222a6f40;  1 drivers
v0x55b022278210_0 .net *"_s28", 6 0, L_0x55b0222a7030;  1 drivers
L_0x7f182a7670a8 .functor BUFT 1, C4<000000000000000000000000000>, C4<0>, C4<0>, C4<0>;
v0x55b0222782f0_0 .net *"_s3", 26 0, L_0x7f182a7670a8;  1 drivers
L_0x7f182a767258 .functor BUFT 1, C4<00>, C4<0>, C4<0>, C4<0>;
v0x55b0222783d0_0 .net *"_s31", 1 0, L_0x7f182a767258;  1 drivers
L_0x7f182a7672a0 .functor BUFT 1, C4<00000000000000000000000000000000>, C4<0>, C4<0>, C4<0>;
v0x55b0222784b0_0 .net/2u *"_s32", 31 0, L_0x7f182a7672a0;  1 drivers
L_0x7f182a7670f0 .functor BUFT 1, C4<00000000000000000000000000000000>, C4<0>, C4<0>, C4<0>;
v0x55b022278590_0 .net/2u *"_s4", 31 0, L_0x7f182a7670f0;  1 drivers
v0x55b022278670_0 .net *"_s6", 0 0, L_0x55b0222a6a50;  1 drivers
v0x55b022278730_0 .net *"_s8", 31 0, L_0x55b0222a6af0;  1 drivers
v0x55b022278810_0 .net "a1", 4 0, L_0x55b0222a73a0;  1 drivers
v0x55b0222788f0_0 .net "a2", 4 0, L_0x55b0222a7440;  1 drivers
v0x55b0222789d0_0 .net "clk", 0 0, v0x55b022295060_0;  alias, 1 drivers
v0x55b022278a70_0 .net "rd1", 31 0, L_0x55b0222a6c30;  alias, 1 drivers
v0x55b022278b40_0 .net "rd2", 31 0, L_0x55b0222a7250;  alias, 1 drivers
v0x55b022278c10 .array "rf", 0 31, 31 0;
v0x55b022278cb0_0 .net "rst", 0 0, v0x55b0222951e0_0;  alias, 1 drivers
v0x55b022278d80_0 .net "wa3", 4 0, L_0x55b0222ac470;  alias, 1 drivers
v0x55b022278e40_0 .net "wd3", 31 0, L_0x55b0222ac270;  alias, 1 drivers
v0x55b022278f20_0 .net "we3", 0 0, v0x55b022289f30_0;  alias, 1 drivers
E_0x55b0221e8bf0 .event posedge, v0x55b0222755b0_0;
L_0x55b0222a69b0 .concat [ 5 27 0 0], L_0x55b0222a73a0, L_0x7f182a7670a8;
L_0x55b0222a6a50 .cmp/ne 32, L_0x55b0222a69b0, L_0x7f182a7670f0;
L_0x55b0222a6af0 .array/port v0x55b022278c10, L_0x55b0222a6b90;
L_0x55b0222a6b90 .concat [ 5 2 0 0], L_0x55b0222a73a0, L_0x7f182a767138;
L_0x55b0222a6c30 .functor MUXZ 32, L_0x7f182a767180, L_0x55b0222a6af0, L_0x55b0222a6a50, C4<>;
L_0x55b0222a6cd0 .concat [ 5 27 0 0], L_0x55b0222a7440, L_0x7f182a7671c8;
L_0x55b0222a6e00 .cmp/ne 32, L_0x55b0222a6cd0, L_0x7f182a767210;
L_0x55b0222a6f40 .array/port v0x55b022278c10, L_0x55b0222a7030;
L_0x55b0222a7030 .concat [ 5 2 0 0], L_0x55b0222a7440, L_0x7f182a767258;
L_0x55b0222a7250 .functor MUXZ 32, L_0x7f182a7672a0, L_0x55b0222a6f40, L_0x55b0222a6e00, C4<>;
S_0x55b022279100 .scope module, "se" "signext" 5 46, 5 168 0, S_0x55b02223a140;
 .timescale 0 0;
    .port_info 0 /INPUT 16 "a"
    .port_info 1 /OUTPUT 32 "y"
v0x55b0222792e0_0 .net *"_s1", 0 0, L_0x55b0222a78a0;  1 drivers
v0x55b0222793e0_0 .net *"_s2", 15 0, L_0x55b0222a7940;  1 drivers
v0x55b0222794c0_0 .net "a", 15 0, L_0x55b0222a7c70;  1 drivers
v0x55b0222795b0_0 .net "y", 31 0, L_0x55b0222a7b80;  alias, 1 drivers
L_0x55b0222a78a0 .part L_0x55b0222a7c70, 15, 1;
LS_0x55b0222a7940_0_0 .concat [ 1 1 1 1], L_0x55b0222a78a0, L_0x55b0222a78a0, L_0x55b0222a78a0, L_0x55b0222a78a0;
LS_0x55b0222a7940_0_4 .concat [ 1 1 1 1], L_0x55b0222a78a0, L_0x55b0222a78a0, L_0x55b0222a78a0, L_0x55b0222a78a0;
LS_0x55b0222a7940_0_8 .concat [ 1 1 1 1], L_0x55b0222a78a0, L_0x55b0222a78a0, L_0x55b0222a78a0, L_0x55b0222a78a0;
LS_0x55b0222a7940_0_12 .concat [ 1 1 1 1], L_0x55b0222a78a0, L_0x55b0222a78a0, L_0x55b0222a78a0, L_0x55b0222a78a0;
L_0x55b0222a7940 .concat [ 4 4 4 4], LS_0x55b0222a7940_0_0, LS_0x55b0222a7940_0_4, LS_0x55b0222a7940_0_8, LS_0x55b0222a7940_0_12;
L_0x55b0222a7b80 .concat [ 16 16 0 0], L_0x55b0222a7c70, L_0x55b0222a7940;
S_0x55b0222796e0 .scope module, "tuse" "unsignext" 5 47, 5 174 0, S_0x55b02223a140;
 .timescale 0 0;
    .port_info 0 /INPUT 16 "a"
    .port_info 1 /OUTPUT 32 "y"
L_0x7f182a767648 .functor BUFT 1, C4<0000000000000000>, C4<0>, C4<0>, C4<0>;
v0x55b0222798a0_0 .net *"_s2", 15 0, L_0x7f182a767648;  1 drivers
v0x55b0222799a0_0 .net "a", 15 0, L_0x55b0222a7e30;  1 drivers
L_0x7f182a7672e8 .functor BUFT 1, C4<0>, C4<0>, C4<0>, C4<0>;
v0x55b022279a80_0 .net "e", 0 0, L_0x7f182a7672e8;  1 drivers
v0x55b022279b50_0 .net "y", 31 0, L_0x55b0222a7d90;  alias, 1 drivers
L_0x55b0222a7d90 .concat [ 16 16 0 0], L_0x55b0222a7e30, L_0x7f182a767648;
S_0x55b02227cad0 .scope module, "e" "execute" 4 45, 7 1 0, S_0x55b02223a520;
 .timescale 0 0;
    .port_info 0 /INPUT 1 "clk"
    .port_info 1 /INPUT 1 "rst"
    .port_info 2 /INPUT 1 "MultStartD"
    .port_info 3 /INPUT 1 "MultSgnD"
    .port_info 4 /INPUT 1 "RegWriteD"
    .port_info 5 /INPUT 1 "MemWriteD"
    .port_info 6 /INPUT 1 "RegDstD"
    .port_info 7 /INPUT 1 "jumpD"
    .port_info 8 /INPUT 2 "BranchD"
    .port_info 9 /INPUT 2 "ALUSrcD"
    .port_info 10 /INPUT 3 "MemtoRegD"
    .port_info 11 /INPUT 3 "ALUControlD"
    .port_info 12 /INPUT 5 "RsD"
    .port_info 13 /INPUT 5 "RtD"
    .port_info 14 /INPUT 5 "RdD"
    .port_info 15 /INPUT 32 "rd1D"
    .port_info 16 /INPUT 32 "rd2D"
    .port_info 17 /INPUT 32 "SignImmD"
    .port_info 18 /INPUT 32 "UnsignedImmD"
    .port_info 19 /INPUT 32 "PCPlus4D"
    .port_info 20 /OUTPUT 1 "jumpE"
    .port_info 21 /OUTPUT 1 "RegWriteE"
    .port_info 22 /OUTPUT 1 "MemWriteE"
    .port_info 23 /OUTPUT 3 "MemtoRegE"
    .port_info 24 /OUTPUT 5 "WriteRegE"
    .port_info 25 /INPUT 32 "ALUOutM"
    .port_info 26 /OUTPUT 32 "ALUMultOutE"
    .port_info 27 /OUTPUT 32 "WriteDataE"
    .port_info 28 /OUTPUT 32 "PCPlus4E"
    .port_info 29 /INPUT 32 "ResultW"
    .port_info 30 /INPUT 1 "FlushE"
    .port_info 31 /INPUT 2 "ForwardAE"
    .port_info 32 /INPUT 2 "ForwardBE"
    .port_info 33 /OUTPUT 1 "MultStartE"
    .port_info 34 /OUTPUT 1 "MultDoneE"
    .port_info 35 /OUTPUT 5 "RsE"
    .port_info 36 /OUTPUT 5 "RtE"
    .port_info 37 /OUTPUT 5 "RdE"
L_0x55b0222a7790 .functor BUFZ 1, v0x55b0222843a0_0, C4<0>, C4<0>, C4<0>;
L_0x55b0222a8940 .functor BUFZ 1, v0x55b022280f80_0, C4<0>, C4<0>, C4<0>;
L_0x55b0222a89b0 .functor BUFZ 3, v0x55b022281230_0, C4<000>, C4<000>, C4<000>;
L_0x55b0222a8c50 .functor BUFZ 32, v0x55b022281990_0, C4<00000000000000000000000000000000>, C4<00000000000000000000000000000000>, C4<00000000000000000000000000000000>;
L_0x55b0222a8d10 .functor BUFZ 1, v0x55b022281790_0, C4<0>, C4<0>, C4<0>;
L_0x55b0222ab600 .functor BUFZ 1, v0x55b02227f740_0, C4<0>, C4<0>, C4<0>;
v0x55b0222800d0_0 .net "ALUControlD", 2 0, L_0x55b0222a5e40;  alias, 1 drivers
v0x55b0222801b0_0 .var "ALUControlE_", 2 0;
v0x55b022280270_0 .net "ALUMultOutE", 31 0, L_0x55b0222abce0;  alias, 1 drivers
v0x55b022280310_0 .net "ALUOut", 31 0, v0x55b02227e310_0;  1 drivers
v0x55b022280420_0 .net "ALUOutM", 31 0, L_0x55b0222abe10;  alias, 1 drivers
v0x55b022280530_0 .net "ALUSrcD", 1 0, L_0x55b0222a6000;  alias, 1 drivers
v0x55b022280640_0 .var "ALUSrcE_", 1 0;
v0x55b022280720_0 .net "ALU_a", 31 0, L_0x55b0222aa0d0;  1 drivers
v0x55b0222807e0_0 .net "ALU_a_mult", 31 0, v0x55b02227e8a0_0;  1 drivers
v0x55b022280880_0 .net "ALU_b", 31 0, L_0x55b0222aa300;  1 drivers
v0x55b022280920_0 .net "ALU_b_mult", 31 0, v0x55b02227e960_0;  1 drivers
v0x55b0222809f0_0 .net "BranchD", 1 0, L_0x55b0222a62a0;  alias, 1 drivers
v0x55b022280a90_0 .net "FlushE", 0 0, v0x55b022290fc0_0;  alias, 1 drivers
v0x55b022280b50_0 .net "ForwardAE", 1 0, v0x55b02228fe90_0;  alias, 1 drivers
v0x55b022280c30_0 .net "ForwardBE", 1 0, v0x55b022290040_0;  alias, 1 drivers
v0x55b022280d10_0 .net "MemWriteD", 0 0, L_0x55b0222a5d10;  alias, 1 drivers
v0x55b022280db0_0 .net "MemWriteE", 0 0, L_0x55b0222a8940;  alias, 1 drivers
v0x55b022280f80_0 .var "MemWriteE_", 0 0;
v0x55b022281040_0 .net "MemtoRegD", 2 0, L_0x55b0222a5be0;  alias, 1 drivers
v0x55b022281150_0 .net "MemtoRegE", 2 0, L_0x55b0222a89b0;  alias, 1 drivers
v0x55b022281230_0 .var "MemtoRegE_", 2 0;
v0x55b022281310_0 .net "MultDoneE", 0 0, L_0x55b0222ab600;  alias, 1 drivers
v0x55b0222813d0_0 .net "MultDoneE_", 0 0, v0x55b02227f740_0;  1 drivers
v0x55b022281470_0 .net "MultSgnD", 0 0, L_0x55b0222a65e0;  alias, 1 drivers
v0x55b022281560_0 .var "MultSgnE_", 0 0;
v0x55b022281600_0 .net "MultStartD", 0 0, L_0x55b0222a6540;  alias, 1 drivers
v0x55b0222816f0_0 .net "MultStartE", 0 0, L_0x55b0222a8d10;  alias, 1 drivers
v0x55b022281790_0 .var "MultStartE_", 0 0;
v0x55b022281830_0 .net "PCPlus4D", 31 0, v0x55b022275940_0;  alias, 1 drivers
v0x55b0222818d0_0 .net "PCPlus4E", 31 0, L_0x55b0222a8c50;  alias, 1 drivers
v0x55b022281990_0 .var "PCPlus4E_", 31 0;
v0x55b022281a70_0 .net "RdD", 4 0, L_0x55b0222a7800;  alias, 1 drivers
v0x55b022281b30_0 .net "RdE", 4 0, v0x55b022281e00_0;  alias, 1 drivers
v0x55b022281e00_0 .var "RdE_", 4 0;
v0x55b022281ee0_0 .net "RegDstD", 0 0, L_0x55b0222a6130;  alias, 1 drivers
v0x55b022281fd0_0 .var "RegDstE_", 0 0;
v0x55b022282090_0 .net "RegWriteD", 0 0, L_0x55b0222a5ab0;  alias, 1 drivers
v0x55b022282180_0 .net "RegWriteE", 0 0, v0x55b022282240_0;  alias, 1 drivers
v0x55b022282240_0 .var "RegWriteE_", 0 0;
v0x55b022282300_0 .net "ResultW", 31 0, L_0x55b0222ac270;  alias, 1 drivers
v0x55b022282410_0 .net "RsD", 4 0, L_0x55b0222a7540;  alias, 1 drivers
v0x55b0222824d0_0 .net "RsE", 4 0, v0x55b022282590_0;  alias, 1 drivers
v0x55b022282590_0 .var "RsE_", 4 0;
v0x55b022282670_0 .net "RtD", 4 0, L_0x55b0222a75e0;  alias, 1 drivers
v0x55b022282730_0 .net "RtE", 4 0, v0x55b0222827f0_0;  alias, 1 drivers
v0x55b0222827f0_0 .var "RtE_", 4 0;
v0x55b0222828d0_0 .net "SignImmD", 31 0, L_0x55b0222a7b80;  alias, 1 drivers
v0x55b022282990_0 .var "SignImmE_", 31 0;
v0x55b022282a70_0 .net "SrcAE", 31 0, L_0x55b0222a9480;  1 drivers
v0x55b022282b30_0 .net "SrcBE", 31 0, L_0x55b0222a9f40;  1 drivers
v0x55b022282c00_0 .net "SrcBE_tmp", 31 0, L_0x55b0222a9a20;  1 drivers
v0x55b022282cc0_0 .net "UnsignedImmD", 31 0, L_0x55b0222a7d90;  alias, 1 drivers
v0x55b022282dd0_0 .var "UnsignedImmE_", 31 0;
v0x55b022282eb0_0 .net "WriteDataE", 31 0, L_0x55b0222a9080;  alias, 1 drivers
v0x55b022282f90_0 .net "WriteRegE", 4 0, L_0x55b0222a8d80;  alias, 1 drivers
v0x55b022283070_0 .net *"_s21", 0 0, L_0x55b0222a8e20;  1 drivers
v0x55b022283150_0 .net *"_s23", 0 0, L_0x55b0222a8ec0;  1 drivers
v0x55b022283230_0 .net *"_s24", 31 0, L_0x55b0222a8f60;  1 drivers
v0x55b022283310_0 .net *"_s29", 0 0, L_0x55b0222a91c0;  1 drivers
v0x55b0222833f0_0 .net *"_s31", 0 0, L_0x55b0222a92a0;  1 drivers
v0x55b0222834d0_0 .net *"_s32", 31 0, L_0x55b0222a9340;  1 drivers
v0x55b0222835b0_0 .net *"_s37", 0 0, L_0x55b0222a9610;  1 drivers
v0x55b022283690_0 .net *"_s39", 0 0, L_0x55b0222a9710;  1 drivers
v0x55b022283770_0 .net *"_s40", 31 0, L_0x55b0222a98c0;  1 drivers
v0x55b022283850_0 .net *"_s45", 0 0, L_0x55b0222a9b60;  1 drivers
v0x55b022283d40_0 .net *"_s47", 0 0, L_0x55b0222a9c80;  1 drivers
v0x55b022283e20_0 .net *"_s48", 31 0, L_0x55b0222a9d70;  1 drivers
v0x55b022283f00_0 .net *"_s59", 0 0, L_0x55b0222ab940;  1 drivers
v0x55b022283fe0_0 .net *"_s61", 0 0, L_0x55b0222aa170;  1 drivers
v0x55b0222840c0_0 .net *"_s62", 31 0, L_0x55b0222aba90;  1 drivers
v0x55b0222841a0_0 .net "clk", 0 0, v0x55b022295060_0;  alias, 1 drivers
v0x55b022284240_0 .net "jumpD", 0 0, L_0x55b0222a6340;  alias, 1 drivers
v0x55b0222842e0_0 .net "jumpE", 0 0, L_0x55b0222a7790;  alias, 1 drivers
v0x55b0222843a0_0 .var "jumpE_", 0 0;
v0x55b022284460_0 .net "multOutHi", 31 0, v0x55b02227f8e0_0;  1 drivers
v0x55b022284520_0 .net "multOutLo", 31 0, v0x55b02227faa0_0;  1 drivers
v0x55b0222845c0_0 .net "rd1D", 31 0, L_0x55b0222a8270;  alias, 1 drivers
v0x55b022284660_0 .var "rd1E_", 31 0;
v0x55b022284740_0 .net "rd2D", 31 0, L_0x55b0222a83a0;  alias, 1 drivers
v0x55b022284800_0 .var "rd2E_", 31 0;
v0x55b0222848e0_0 .net "rst", 0 0, v0x55b0222951e0_0;  alias, 1 drivers
v0x55b022284a10_0 .net "zero", 0 0, L_0x55b0222ab0b0;  1 drivers
L_0x55b0222a8d80 .functor MUXZ 5, v0x55b0222827f0_0, v0x55b022281e00_0, v0x55b022281fd0_0, C4<>;
L_0x55b0222a8e20 .part v0x55b022290040_0, 1, 1;
L_0x55b0222a8ec0 .part v0x55b022290040_0, 0, 1;
L_0x55b0222a8f60 .functor MUXZ 32, v0x55b022284800_0, L_0x55b0222ac270, L_0x55b0222a8ec0, C4<>;
L_0x55b0222a9080 .functor MUXZ 32, L_0x55b0222a8f60, L_0x55b0222abe10, L_0x55b0222a8e20, C4<>;
L_0x55b0222a91c0 .part v0x55b02228fe90_0, 1, 1;
L_0x55b0222a92a0 .part v0x55b02228fe90_0, 0, 1;
L_0x55b0222a9340 .functor MUXZ 32, v0x55b022284660_0, L_0x55b0222ac270, L_0x55b0222a92a0, C4<>;
L_0x55b0222a9480 .functor MUXZ 32, L_0x55b0222a9340, L_0x55b0222abe10, L_0x55b0222a91c0, C4<>;
L_0x55b0222a9610 .part v0x55b022290040_0, 1, 1;
L_0x55b0222a9710 .part v0x55b022290040_0, 0, 1;
L_0x55b0222a98c0 .functor MUXZ 32, v0x55b022284800_0, L_0x55b0222ac270, L_0x55b0222a9710, C4<>;
L_0x55b0222a9a20 .functor MUXZ 32, L_0x55b0222a98c0, L_0x55b0222abe10, L_0x55b0222a9610, C4<>;
L_0x55b0222a9b60 .part v0x55b022280640_0, 1, 1;
L_0x55b0222a9c80 .part v0x55b022280640_0, 0, 1;
L_0x55b0222a9d70 .functor MUXZ 32, L_0x55b0222a9a20, v0x55b022282990_0, L_0x55b0222a9c80, C4<>;
L_0x55b0222a9f40 .functor MUXZ 32, L_0x55b0222a9d70, v0x55b022282dd0_0, L_0x55b0222a9b60, C4<>;
L_0x55b0222aa0d0 .functor MUXZ 32, L_0x55b0222a9480, v0x55b02227e8a0_0, v0x55b022281790_0, C4<>;
L_0x55b0222aa300 .functor MUXZ 32, L_0x55b0222a9f40, v0x55b02227e960_0, v0x55b022281790_0, C4<>;
L_0x55b0222ab940 .part v0x55b022281230_0, 2, 1;
L_0x55b0222aa170 .part v0x55b022281230_0, 1, 1;
L_0x55b0222aba90 .functor MUXZ 32, v0x55b02227faa0_0, v0x55b02227f8e0_0, L_0x55b0222aa170, C4<>;
L_0x55b0222abce0 .functor MUXZ 32, v0x55b02227e310_0, L_0x55b0222aba90, L_0x55b0222ab940, C4<>;
S_0x55b02227d060 .scope module, "alu" "ALU" 7 70, 8 1 0, S_0x55b02227cad0;
 .timescale 0 0;
    .port_info 0 /INPUT 32 "a"
    .port_info 1 /INPUT 32 "b"
    .port_info 2 /INPUT 3 "f"
    .port_info 3 /OUTPUT 32 "y"
    .port_info 4 /OUTPUT 1 "zero"
L_0x55b0222a9960 .functor NOT 32, L_0x55b0222aa300, C4<00000000000000000000000000000000>, C4<00000000000000000000000000000000>, C4<00000000000000000000000000000000>;
v0x55b02227d2f0_0 .net "S", 31 0, L_0x55b0222aa6c0;  1 drivers
v0x55b02227d3f0_0 .net *"_s1", 0 0, L_0x55b0222aa440;  1 drivers
v0x55b02227d4d0_0 .net *"_s10", 0 0, L_0x55b0222aa7b0;  1 drivers
v0x55b02227d5c0_0 .net *"_s11", 32 0, L_0x55b0222aa850;  1 drivers
L_0x7f182a767408 .functor BUFT 1, C4<00000000000000000000000000000000>, C4<0>, C4<0>, C4<0>;
v0x55b02227d6a0_0 .net *"_s14", 31 0, L_0x7f182a767408;  1 drivers
v0x55b02227d7d0_0 .net *"_s15", 32 0, L_0x55b0222aa9d0;  1 drivers
L_0x7f182a767450 .functor BUFT 1, C4<0>, C4<0>, C4<0>, C4<0>;
v0x55b02227d8b0_0 .net *"_s18", 0 0, L_0x7f182a767450;  1 drivers
v0x55b02227d990_0 .net *"_s19", 32 0, L_0x55b0222aaac0;  1 drivers
v0x55b02227da70_0 .net *"_s2", 31 0, L_0x55b0222a9960;  1 drivers
v0x55b02227db50_0 .net *"_s21", 32 0, L_0x55b0222aacc0;  1 drivers
L_0x7f182a767498 .functor BUFT 1, C4<0>, C4<0>, C4<0>, C4<0>;
v0x55b02227dc30_0 .net *"_s24", 0 0, L_0x7f182a767498;  1 drivers
v0x55b02227dd10_0 .net *"_s25", 32 0, L_0x55b0222aaf10;  1 drivers
L_0x7f182a7674e0 .functor BUFT 1, C4<00000000000000000000000000000000>, C4<0>, C4<0>, C4<0>;
v0x55b02227ddf0_0 .net/2u *"_s27", 31 0, L_0x7f182a7674e0;  1 drivers
v0x55b02227ded0_0 .net "a", 31 0, L_0x55b0222aa0d0;  alias, 1 drivers
v0x55b02227dfb0_0 .net "b", 31 0, L_0x55b0222aa300;  alias, 1 drivers
v0x55b02227e090_0 .net "b_signed", 31 0, L_0x55b0222aa530;  1 drivers
v0x55b02227e170_0 .net "cout", 0 0, L_0x55b0222aa620;  1 drivers
v0x55b02227e230_0 .net "f", 2 0, v0x55b0222801b0_0;  1 drivers
v0x55b02227e310_0 .var "y", 31 0;
v0x55b02227e3f0_0 .net "zero", 0 0, L_0x55b0222ab0b0;  alias, 1 drivers
E_0x55b02227d260 .event edge, v0x55b02227e230_0, v0x55b02227ded0_0, v0x55b02227dfb0_0, v0x55b02227d2f0_0;
L_0x55b0222aa440 .part v0x55b0222801b0_0, 2, 1;
L_0x55b0222aa530 .functor MUXZ 32, L_0x55b0222aa300, L_0x55b0222a9960, L_0x55b0222aa440, C4<>;
L_0x55b0222aa620 .part L_0x55b0222aaf10, 32, 1;
L_0x55b0222aa6c0 .part L_0x55b0222aaf10, 0, 32;
L_0x55b0222aa7b0 .part v0x55b0222801b0_0, 2, 1;
L_0x55b0222aa850 .concat [ 1 32 0 0], L_0x55b0222aa7b0, L_0x7f182a767408;
L_0x55b0222aa9d0 .concat [ 32 1 0 0], L_0x55b0222aa0d0, L_0x7f182a767450;
L_0x55b0222aaac0 .arith/sum 33, L_0x55b0222aa850, L_0x55b0222aa9d0;
L_0x55b0222aacc0 .concat [ 32 1 0 0], L_0x55b0222aa530, L_0x7f182a767498;
L_0x55b0222aaf10 .arith/sum 33, L_0x55b0222aaac0, L_0x55b0222aacc0;
L_0x55b0222ab0b0 .cmp/eq 32, v0x55b02227e310_0, L_0x7f182a7674e0;
S_0x55b02227e550 .scope module, "m" "multiplier" 7 73, 9 2 0, S_0x55b02227cad0;
 .timescale 0 0;
    .port_info 0 /INPUT 1 "clk"
    .port_info 1 /INPUT 1 "rst"
    .port_info 2 /INPUT 32 "SrcAE"
    .port_info 3 /INPUT 32 "SrcBE"
    .port_info 4 /INPUT 1 "MultE"
    .port_info 5 /INPUT 1 "MultSgn"
    .port_info 6 /INPUT 32 "ALUOut"
    .port_info 7 /INPUT 1 "ALU_zero"
    .port_info 8 /OUTPUT 32 "ALU_A"
    .port_info 9 /OUTPUT 32 "ALU_B"
    .port_info 10 /OUTPUT 32 "hi"
    .port_info 11 /OUTPUT 32 "lo"
    .port_info 12 /OUTPUT 1 "completed"
L_0x55b0222aab60 .functor NOT 32, L_0x55b0222a9480, C4<00000000000000000000000000000000>, C4<00000000000000000000000000000000>, C4<00000000000000000000000000000000>;
L_0x55b0222ab290 .functor NOT 32, L_0x55b0222a9f40, C4<00000000000000000000000000000000>, C4<00000000000000000000000000000000>, C4<00000000000000000000000000000000>;
v0x55b02227e7c0_0 .net "ALUOut", 31 0, v0x55b02227e310_0;  alias, 1 drivers
v0x55b02227e8a0_0 .var "ALU_A", 31 0;
v0x55b02227e960_0 .var "ALU_B", 31 0;
v0x55b02227ea50_0 .net "ALU_zero", 0 0, L_0x55b0222ab0b0;  alias, 1 drivers
v0x55b02227eb20_0 .net "MultE", 0 0, L_0x55b0222a8d10;  alias, 1 drivers
v0x55b02227ec10_0 .net "MultSgn", 0 0, v0x55b022281560_0;  1 drivers
v0x55b02227ecd0_0 .net "SrcAE", 31 0, L_0x55b0222a9480;  alias, 1 drivers
v0x55b02227edb0_0 .net "SrcBE", 31 0, L_0x55b0222a9f40;  alias, 1 drivers
v0x55b02227ee90_0 .net *"_s1", 0 0, L_0x55b0222ab150;  1 drivers
v0x55b02227ef70_0 .net *"_s11", 0 0, L_0x55b0222ab490;  1 drivers
v0x55b02227f050_0 .net *"_s12", 31 0, L_0x55b0222ab290;  1 drivers
L_0x7f182a767570 .functor BUFT 1, C4<00000000000000000000000000000001>, C4<0>, C4<0>, C4<0>;
v0x55b02227f130_0 .net/2u *"_s14", 31 0, L_0x7f182a767570;  1 drivers
v0x55b02227f210_0 .net *"_s16", 31 0, L_0x55b0222ab560;  1 drivers
v0x55b02227f2f0_0 .net *"_s2", 31 0, L_0x55b0222aab60;  1 drivers
L_0x7f182a767528 .functor BUFT 1, C4<00000000000000000000000000000001>, C4<0>, C4<0>, C4<0>;
v0x55b02227f3d0_0 .net/2u *"_s4", 31 0, L_0x7f182a767528;  1 drivers
v0x55b02227f4b0_0 .net *"_s6", 31 0, L_0x55b0222ab1f0;  1 drivers
v0x55b02227f590_0 .net "clk", 0 0, v0x55b022295060_0;  alias, 1 drivers
v0x55b02227f740_0 .var "completed", 0 0;
v0x55b02227f800_0 .var "counter", 5 0;
v0x55b02227f8e0_0 .var "hi", 31 0;
v0x55b02227f9c0_0 .var "invertpro", 63 0;
v0x55b02227faa0_0 .var "lo", 31 0;
v0x55b02227fb80_0 .var "product", 63 0;
v0x55b02227fc60_0 .net "rst", 0 0, v0x55b0222951e0_0;  alias, 1 drivers
v0x55b02227fd00_0 .net "ta", 31 0, L_0x55b0222ab350;  1 drivers
v0x55b02227fde0_0 .net "tb", 31 0, L_0x55b0222ab6c0;  1 drivers
E_0x55b02227e760 .event posedge, v0x55b022275b00_0, v0x55b0222755b0_0;
L_0x55b0222ab150 .part L_0x55b0222a9480, 31, 1;
L_0x55b0222ab1f0 .arith/sum 32, L_0x55b0222aab60, L_0x7f182a767528;
L_0x55b0222ab350 .functor MUXZ 32, L_0x55b0222a9480, L_0x55b0222ab1f0, L_0x55b0222ab150, C4<>;
L_0x55b0222ab490 .part L_0x55b0222a9f40, 31, 1;
L_0x55b0222ab560 .arith/sum 32, L_0x55b0222ab290, L_0x7f182a767570;
L_0x55b0222ab6c0 .functor MUXZ 32, L_0x55b0222a9f40, L_0x55b0222ab560, L_0x55b0222ab490, C4<>;
S_0x55b0222850b0 .scope module, "f" "fetch" 4 23, 6 3 0, S_0x55b02223a520;
 .timescale 0 0;
    .port_info 0 /INPUT 1 "clk"
    .port_info 1 /INPUT 1 "reset"
    .port_info 2 /INPUT 1 "stallF"
    .port_info 3 /INPUT 32 "pc"
    .port_info 4 /OUTPUT 32 "instrF"
    .port_info 5 /OUTPUT 32 "pcplus4F"
v0x55b022286980_0 .net "clk", 0 0, v0x55b022295060_0;  alias, 1 drivers
v0x55b022286a40_0 .var "currentPC", 31 0;
v0x55b022286b00_0 .net "instrF", 31 0, L_0x55b0222953c0;  alias, 1 drivers
v0x55b022286bd0_0 .net "pc", 31 0, L_0x55b0222ac9b0;  alias, 1 drivers
v0x55b022286ca0_0 .net "pcF", 31 0, v0x55b022286600_0;  1 drivers
v0x55b022286de0_0 .net "pcplus4F", 31 0, L_0x55b022295500;  alias, 1 drivers
v0x55b022286ea0_0 .net "reset", 0 0, v0x55b0222951e0_0;  alias, 1 drivers
v0x55b022286f40_0 .net "stallF", 0 0, v0x55b022291a70_0;  alias, 1 drivers
L_0x55b022295460 .part v0x55b022286600_0, 2, 6;
S_0x55b022285360 .scope module, "imem" "imem" 6 13, 6 29 0, S_0x55b0222850b0;
 .timescale 0 0;
    .port_info 0 /INPUT 6 "a"
    .port_info 1 /OUTPUT 32 "rd"
v0x55b022285590 .array "RAM", 0 63, 63 0;
v0x55b022285670_0 .net *"_s0", 63 0, L_0x55b022295280;  1 drivers
v0x55b022285750_0 .net *"_s2", 7 0, L_0x55b022295320;  1 drivers
L_0x7f182a767018 .functor BUFT 1, C4<00>, C4<0>, C4<0>, C4<0>;
v0x55b022285840_0 .net *"_s5", 1 0, L_0x7f182a767018;  1 drivers
v0x55b022285920_0 .net "a", 5 0, L_0x55b022295460;  1 drivers
v0x55b022285a50_0 .net "rd", 31 0, L_0x55b0222953c0;  alias, 1 drivers
L_0x55b022295280 .array/port v0x55b022285590, L_0x55b022295320;
L_0x55b022295320 .concat [ 6 2 0 0], L_0x55b022295460, L_0x7f182a767018;
L_0x55b0222953c0 .part L_0x55b022295280, 0, 32;
S_0x55b022285bc0 .scope module, "pcadd1" "adder" 6 14, 6 59 0, S_0x55b0222850b0;
 .timescale 0 0;
    .port_info 0 /INPUT 32 "a"
    .port_info 1 /INPUT 32 "b"
    .port_info 2 /OUTPUT 32 "y"
v0x55b022285de0_0 .net "a", 31 0, v0x55b022286600_0;  alias, 1 drivers
L_0x7f182a767060 .functor BUFT 1, C4<00000000000000000000000000000100>, C4<0>, C4<0>, C4<0>;
v0x55b022285ee0_0 .net "b", 31 0, L_0x7f182a767060;  1 drivers
v0x55b022285fc0_0 .net "y", 31 0, L_0x55b022295500;  alias, 1 drivers
L_0x55b022295500 .arith/sum 32, v0x55b022286600_0, L_0x7f182a767060;
S_0x55b022286130 .scope module, "pcreg" "flopr" 6 12, 6 45 0, S_0x55b0222850b0;
 .timescale 0 0;
    .port_info 0 /INPUT 1 "clk"
    .port_info 1 /INPUT 1 "reset"
    .port_info 2 /INPUT 1 "stallF"
    .port_info 3 /INPUT 32 "c"
    .port_info 4 /INPUT 32 "d"
    .port_info 5 /OUTPUT 32 "q"
v0x55b0222863e0_0 .net "c", 31 0, v0x55b022286a40_0;  1 drivers
v0x55b0222864a0_0 .net "clk", 0 0, v0x55b022295060_0;  alias, 1 drivers
v0x55b022286560_0 .net "d", 31 0, L_0x55b0222ac9b0;  alias, 1 drivers
v0x55b022286600_0 .var "q", 31 0;
v0x55b0222866f0_0 .net "reset", 0 0, v0x55b0222951e0_0;  alias, 1 drivers
v0x55b0222867e0_0 .net "stallF", 0 0, v0x55b022291a70_0;  alias, 1 drivers
S_0x55b022287080 .scope module, "m" "memory" 4 51, 10 1 0, S_0x55b02223a520;
 .timescale 0 0;
    .port_info 0 /INPUT 1 "clk"
    .port_info 1 /INPUT 1 "rst"
    .port_info 2 /INPUT 1 "jumpE"
    .port_info 3 /INPUT 1 "RegWriteE"
    .port_info 4 /INPUT 1 "MemWriteE"
    .port_info 5 /INPUT 3 "MemtoRegE"
    .port_info 6 /INPUT 5 "WriteRegE"
    .port_info 7 /INPUT 32 "ALUMultOutE"
    .port_info 8 /INPUT 32 "WriteDataE"
    .port_info 9 /INPUT 32 "PCPlus4E"
    .port_info 10 /OUTPUT 1 "jumpM"
    .port_info 11 /OUTPUT 1 "RegWriteM"
    .port_info 12 /OUTPUT 3 "MemtoRegM"
    .port_info 13 /OUTPUT 5 "WriteRegM"
    .port_info 14 /OUTPUT 32 "ALUMultOutM"
    .port_info 15 /OUTPUT 32 "PCPlus8M"
    .port_info 16 /OUTPUT 32 "ReadDataM"
v0x55b022287c30_0 .net "ALUMultOutE", 31 0, L_0x55b0222abce0;  alias, 1 drivers
v0x55b022287d60_0 .var "ALUMultOutM", 31 0;
v0x55b022287e40_0 .net "MemWriteE", 0 0, L_0x55b0222a8940;  alias, 1 drivers
v0x55b022287f30_0 .net "MemtoRegE", 2 0, L_0x55b0222a89b0;  alias, 1 drivers
v0x55b022287fd0_0 .var "MemtoRegM", 2 0;
v0x55b0222880e0_0 .net "PCPlus4E", 31 0, L_0x55b0222a8c50;  alias, 1 drivers
v0x55b0222881a0_0 .var "PCPlus4M_", 31 0;
v0x55b022288260_0 .net "PCPlus8M", 31 0, L_0x55b0222abe10;  alias, 1 drivers
v0x55b0222883b0_0 .net "ReadDataM", 31 0, v0x55b022287780_0;  alias, 1 drivers
v0x55b022288500_0 .net "RegWriteE", 0 0, v0x55b022282240_0;  alias, 1 drivers
v0x55b0222885d0_0 .var "RegWriteM", 0 0;
v0x55b022288670_0 .net "WriteDataE", 31 0, L_0x55b0222a9080;  alias, 1 drivers
v0x55b022288740_0 .var "WriteDataM", 31 0;
v0x55b022288810_0 .net "WriteRegE", 4 0, L_0x55b0222a8d80;  alias, 1 drivers
v0x55b0222888e0_0 .var "WriteRegM", 4 0;
L_0x7f182a7675b8 .functor BUFT 1, C4<00000000000000000000000000000100>, C4<0>, C4<0>, C4<0>;
v0x55b0222889a0_0 .net/2u *"_s0", 31 0, L_0x7f182a7675b8;  1 drivers
v0x55b022288a80_0 .net "clk", 0 0, v0x55b022295060_0;  alias, 1 drivers
v0x55b022288c30_0 .net "jumpE", 0 0, L_0x55b0222a7790;  alias, 1 drivers
v0x55b022288d00_0 .var "jumpM", 0 0;
v0x55b022288da0_0 .net "rst", 0 0, v0x55b0222951e0_0;  alias, 1 drivers
L_0x55b0222abe10 .arith/sum 32, v0x55b0222881a0_0, L_0x7f182a7675b8;
S_0x55b022287480 .scope module, "dm" "data_memory" 10 16, 11 1 0, S_0x55b022287080;
 .timescale 0 0;
    .port_info 0 /INPUT 1 "clk"
    .port_info 1 /INPUT 1 "WE"
    .port_info 2 /INPUT 32 "A"
    .port_info 3 /INPUT 32 "WD"
    .port_info 4 /OUTPUT 32 "RD"
v0x55b022287670_0 .net "A", 31 0, L_0x55b0222abce0;  alias, 1 drivers
v0x55b022287780_0 .var "RD", 31 0;
v0x55b022287840_0 .net "WD", 31 0, v0x55b022288740_0;  1 drivers
v0x55b022287930_0 .net "WE", 0 0, L_0x55b0222a8940;  alias, 1 drivers
v0x55b022287a00_0 .net "clk", 0 0, v0x55b022295060_0;  alias, 1 drivers
v0x55b022287af0 .array "dm", 0 63, 31 0;
S_0x55b022289060 .scope module, "w" "writeback" 4 53, 12 1 0, S_0x55b02223a520;
 .timescale 0 0;
    .port_info 0 /INPUT 1 "clk"
    .port_info 1 /INPUT 1 "rst"
    .port_info 2 /INPUT 1 "jumpM"
    .port_info 3 /INPUT 1 "RegWriteM"
    .port_info 4 /INPUT 3 "MemtoRegM"
    .port_info 5 /INPUT 5 "WriteRegM"
    .port_info 6 /INPUT 32 "ReadDataM"
    .port_info 7 /INPUT 32 "ALUMultOutM"
    .port_info 8 /INPUT 32 "PCPlus8M"
    .port_info 9 /INPUT 1 "PCSrcD"
    .port_info 10 /INPUT 1 "jumpD"
    .port_info 11 /INPUT 28 "jumpDstD"
    .port_info 12 /INPUT 32 "PCPlus4F"
    .port_info 13 /INPUT 32 "PCBranchD"
    .port_info 14 /OUTPUT 1 "RegWriteW"
    .port_info 15 /OUTPUT 5 "WriteRegW"
    .port_info 16 /OUTPUT 32 "ResultW"
    .port_info 17 /OUTPUT 32 "PC"
v0x55b022289440_0 .net "ALUMultOutM", 31 0, L_0x55b0222abe10;  alias, 1 drivers
v0x55b022289520_0 .var "ALUMultOutW_", 31 0;
v0x55b022289600_0 .net "MemtoRegM", 2 0, v0x55b022287fd0_0;  alias, 1 drivers
v0x55b0222896d0_0 .net "PC", 31 0, L_0x55b0222ac9b0;  alias, 1 drivers
v0x55b0222897c0_0 .net "PCBranchD", 31 0, L_0x55b0222a80b0;  alias, 1 drivers
v0x55b022289920_0 .net "PCPlus4F", 31 0, L_0x55b022295500;  alias, 1 drivers
v0x55b0222899e0_0 .net "PCPlus8M", 31 0, v0x55b022287780_0;  alias, 1 drivers
v0x55b022289aa0_0 .var "PCPlus8W_", 31 0;
v0x55b022289b80_0 .net "PCSrcD", 0 0, v0x55b022257140_0;  alias, 1 drivers
v0x55b022289c20_0 .net "ReadDataM", 31 0, v0x55b022287d60_0;  alias, 1 drivers
v0x55b022289ce0_0 .var "ReadDataW_", 31 0;
v0x55b022289da0_0 .net "RegWriteM", 0 0, v0x55b0222885d0_0;  alias, 1 drivers
v0x55b022289e40_0 .net "RegWriteW", 0 0, v0x55b022289f30_0;  alias, 1 drivers
v0x55b022289f30_0 .var "RegWriteW_", 0 0;
v0x55b022289fd0_0 .net "ResultW", 31 0, L_0x55b0222ac270;  alias, 1 drivers
v0x55b02228a090_0 .net "WriteRegM", 4 0, v0x55b0222888e0_0;  alias, 1 drivers
v0x55b02228a150_0 .net "WriteRegW", 4 0, L_0x55b0222ac470;  alias, 1 drivers
v0x55b02228a350_0 .var "WriteRegW_", 4 0;
L_0x7f182a767600 .functor BUFT 1, C4<11111>, C4<0>, C4<0>, C4<0>;
v0x55b02228a430_0 .net/2u *"_s10", 4 0, L_0x7f182a767600;  1 drivers
v0x55b02228a510_0 .net *"_s15", 3 0, L_0x55b0222ac510;  1 drivers
v0x55b02228a5f0_0 .net *"_s16", 31 0, L_0x55b0222ac5f0;  1 drivers
v0x55b02228a6d0_0 .net *"_s18", 31 0, L_0x55b0222ac720;  1 drivers
v0x55b02228a7b0_0 .net *"_s3", 0 0, L_0x55b0222ac000;  1 drivers
v0x55b02228a890_0 .net *"_s5", 0 0, L_0x55b0222ac0a0;  1 drivers
v0x55b02228a970_0 .net *"_s6", 31 0, L_0x55b0222ac1d0;  1 drivers
v0x55b02228aa50_0 .net "clk", 0 0, v0x55b022295060_0;  alias, 1 drivers
v0x55b02228aaf0_0 .net "jumpD", 0 0, L_0x55b0222a6340;  alias, 1 drivers
v0x55b02228ab90_0 .net "jumpDstD", 27 0, L_0x55b0222a87e0;  alias, 1 drivers
v0x55b02228ac50_0 .net "jumpM", 0 0, v0x55b022288d00_0;  alias, 1 drivers
v0x55b02228acf0_0 .var "jumpW_", 0 0;
v0x55b02228ad90_0 .net "rst", 0 0, v0x55b0222951e0_0;  alias, 1 drivers
L_0x55b0222ac000 .part v0x55b022287fd0_0, 1, 1;
L_0x55b0222ac0a0 .part v0x55b022287fd0_0, 0, 1;
L_0x55b0222ac1d0 .functor MUXZ 32, v0x55b022289520_0, v0x55b022289ce0_0, L_0x55b0222ac0a0, C4<>;
L_0x55b0222ac270 .functor MUXZ 32, v0x55b022289aa0_0, L_0x55b0222ac1d0, L_0x55b0222ac000, C4<>;
L_0x55b0222ac470 .functor MUXZ 5, v0x55b02228a350_0, L_0x7f182a767600, v0x55b02228acf0_0, C4<>;
L_0x55b0222ac510 .part L_0x55b022295500, 28, 4;
L_0x55b0222ac5f0 .concat [ 28 4 0 0], L_0x55b0222a87e0, L_0x55b0222ac510;
L_0x55b0222ac720 .functor MUXZ 32, L_0x55b022295500, L_0x55b0222a80b0, v0x55b022257140_0, C4<>;
L_0x55b0222ac9b0 .functor MUXZ 32, L_0x55b0222ac720, L_0x55b0222ac5f0, L_0x55b0222a6340, C4<>;
S_0x55b02228f5a0 .scope module, "hz" "hazard" 3 23, 13 3 0, S_0x55b02223a900;
 .timescale 0 0;
    .port_info 0 /INPUT 2 "branchD"
    .port_info 1 /INPUT 3 "wbsrcE"
    .port_info 2 /INPUT 3 "wbsrcM"
    .port_info 3 /INPUT 1 "regwriteE"
    .port_info 4 /INPUT 1 "regwriteM"
    .port_info 5 /INPUT 1 "regwriteW"
    .port_info 6 /INPUT 1 "multstartE"
    .port_info 7 /INPUT 1 "pve"
    .port_info 8 /INPUT 5 "rtD"
    .port_info 9 /INPUT 5 "rsD"
    .port_info 10 /INPUT 5 "rsE"
    .port_info 11 /INPUT 5 "rtE"
    .port_info 12 /INPUT 5 "writeregE"
    .port_info 13 /INPUT 5 "writeregW"
    .port_info 14 /INPUT 5 "writeregM"
    .port_info 15 /OUTPUT 1 "stallF"
    .port_info 16 /OUTPUT 1 "stallD"
    .port_info 17 /OUTPUT 1 "flushE"
    .port_info 18 /OUTPUT 1 "forwardAD"
    .port_info 19 /OUTPUT 1 "forwardBD"
    .port_info 20 /OUTPUT 2 "forwardAE"
    .port_info 21 /OUTPUT 2 "forwardBE"
v0x55b022290bd0_0 .net "branchD", 1 0, L_0x55b0222acde0;  alias, 1 drivers
v0x55b0222922f0_0 .net "flushE", 0 0, v0x55b022290fc0_0;  alias, 1 drivers
v0x55b0222923b0_0 .net "forwardAD", 0 0, v0x55b02228fdd0_0;  alias, 1 drivers
v0x55b022292450_0 .net "forwardAE", 1 0, v0x55b02228fe90_0;  alias, 1 drivers
v0x55b0222924f0_0 .net "forwardBD", 0 0, v0x55b02228ffa0_0;  alias, 1 drivers
v0x55b022292620_0 .net "forwardBE", 1 0, v0x55b022290040_0;  alias, 1 drivers
v0x55b0222926c0_0 .net "multstartE", 0 0, L_0x55b0222aca50;  alias, 1 drivers
v0x55b022292760_0 .net "pve", 0 0, L_0x55b0222acb80;  alias, 1 drivers
v0x55b022292850_0 .net "regwriteE", 0 0, L_0x55b0222ad460;  alias, 1 drivers
v0x55b022292980_0 .net "regwriteM", 0 0, L_0x55b0222ada00;  alias, 1 drivers
v0x55b022292a20_0 .net "regwriteW", 0 0, L_0x55b0222adae0;  alias, 1 drivers
v0x55b022292ac0_0 .net "rsD", 4 0, L_0x55b0222acff0;  alias, 1 drivers
v0x55b022292b80_0 .net "rsE", 4 0, L_0x55b0222ad690;  alias, 1 drivers
v0x55b022292c40_0 .net "rtD", 4 0, L_0x55b0222ad0c0;  alias, 1 drivers
v0x55b022292d00_0 .net "rtE", 4 0, L_0x55b0222ad730;  alias, 1 drivers
v0x55b022292dc0_0 .net "stallD", 0 0, v0x55b0222919d0_0;  alias, 1 drivers
v0x55b022292ef0_0 .net "stallF", 0 0, v0x55b022291a70_0;  alias, 1 drivers
v0x55b0222930a0_0 .net "wbsrcE", 2 0, L_0x55b0222ad2d0;  alias, 1 drivers
v0x55b022293160_0 .net "wbsrcM", 2 0, L_0x55b0222ad900;  alias, 1 drivers
v0x55b022293220_0 .net "writeregE", 4 0, L_0x55b0222ad560;  alias, 1 drivers
v0x55b0222932e0_0 .net "writeregM", 4 0, L_0x55b0222ada70;  alias, 1 drivers
v0x55b0222933a0_0 .net "writeregW", 4 0, L_0x55b0222adb50;  alias, 1 drivers
S_0x55b02228f9b0 .scope module, "fw" "forward" 13 14, 13 19 0, S_0x55b02228f5a0;
 .timescale 0 0;
    .port_info 0 /INPUT 5 "rtD"
    .port_info 1 /INPUT 5 "rsD"
    .port_info 2 /INPUT 5 "rsE"
    .port_info 3 /INPUT 5 "rtE"
    .port_info 4 /INPUT 5 "writeregE"
    .port_info 5 /INPUT 5 "writeregW"
    .port_info 6 /INPUT 5 "writeregM"
    .port_info 7 /INPUT 1 "regwriteE"
    .port_info 8 /INPUT 1 "regwriteM"
    .port_info 9 /INPUT 1 "regwriteW"
    .port_info 10 /OUTPUT 1 "forwardAD"
    .port_info 11 /OUTPUT 1 "forwardBD"
    .port_info 12 /OUTPUT 2 "forwardAE"
    .port_info 13 /OUTPUT 2 "forwardBE"
v0x55b02228fdd0_0 .var "forwardAD", 0 0;
v0x55b02228fe90_0 .var "forwardAE", 1 0;
v0x55b02228ffa0_0 .var "forwardBD", 0 0;
v0x55b022290040_0 .var "forwardBE", 1 0;
v0x55b022290130_0 .net "regwriteE", 0 0, L_0x55b0222ad460;  alias, 1 drivers
v0x55b022290220_0 .net "regwriteM", 0 0, L_0x55b0222ada00;  alias, 1 drivers
v0x55b0222902c0_0 .net "regwriteW", 0 0, L_0x55b0222adae0;  alias, 1 drivers
v0x55b022290360_0 .net "rsD", 4 0, L_0x55b0222acff0;  alias, 1 drivers
v0x55b022290400_0 .net "rsE", 4 0, L_0x55b0222ad690;  alias, 1 drivers
v0x55b022290530_0 .net "rtD", 4 0, L_0x55b0222ad0c0;  alias, 1 drivers
v0x55b0222905d0_0 .net "rtE", 4 0, L_0x55b0222ad730;  alias, 1 drivers
v0x55b022290670_0 .net "writeregE", 4 0, L_0x55b0222ad560;  alias, 1 drivers
v0x55b022290710_0 .net "writeregM", 4 0, L_0x55b0222ada70;  alias, 1 drivers
v0x55b0222907b0_0 .net "writeregW", 4 0, L_0x55b0222adb50;  alias, 1 drivers
E_0x55b022285280/0 .event edge, v0x55b02228c290_0, v0x55b02228bd90_0, v0x55b02228ce10_0, v0x55b02228c050_0;
E_0x55b022285280/1 .event edge, v0x55b02228d000_0, v0x55b02228c4f0_0, v0x55b02228c1b0_0, v0x55b02228c430_0;
E_0x55b022285280 .event/or E_0x55b022285280/0, E_0x55b022285280/1;
S_0x55b022290a30 .scope module, "st" "stall" 13 15, 13 53 0, S_0x55b02228f5a0;
 .timescale 0 0;
    .port_info 0 /INPUT 2 "branchD"
    .port_info 1 /INPUT 3 "wbsrcE"
    .port_info 2 /INPUT 3 "wbsrcM"
    .port_info 3 /INPUT 1 "regwriteE"
    .port_info 4 /INPUT 1 "regwriteM"
    .port_info 5 /INPUT 1 "regwriteW"
    .port_info 6 /INPUT 5 "rtD"
    .port_info 7 /INPUT 5 "rsD"
    .port_info 8 /INPUT 5 "rsE"
    .port_info 9 /INPUT 5 "rtE"
    .port_info 10 /INPUT 5 "writeregE"
    .port_info 11 /INPUT 5 "writeregW"
    .port_info 12 /INPUT 5 "writeregM"
    .port_info 13 /INPUT 1 "multstartE"
    .port_info 14 /INPUT 1 "pve"
    .port_info 15 /OUTPUT 1 "stallF"
    .port_info 16 /OUTPUT 1 "stallD"
    .port_info 17 /OUTPUT 1 "flushE"
v0x55b022290ee0_0 .net "branchD", 1 0, L_0x55b0222acde0;  alias, 1 drivers
v0x55b022290fc0_0 .var "flushE", 0 0;
v0x55b0222910b0_0 .var "multplier", 0 0;
v0x55b022291150_0 .net "multstartE", 0 0, L_0x55b0222aca50;  alias, 1 drivers
v0x55b0222911f0_0 .net "pve", 0 0, L_0x55b0222acb80;  alias, 1 drivers
v0x55b0222912e0_0 .net "regwriteE", 0 0, L_0x55b0222ad460;  alias, 1 drivers
v0x55b0222913d0_0 .net "regwriteM", 0 0, L_0x55b0222ada00;  alias, 1 drivers
v0x55b0222914c0_0 .net "regwriteW", 0 0, L_0x55b0222adae0;  alias, 1 drivers
v0x55b0222915b0_0 .net "rsD", 4 0, L_0x55b0222acff0;  alias, 1 drivers
v0x55b0222916e0_0 .net "rsE", 4 0, L_0x55b0222ad690;  alias, 1 drivers
v0x55b0222917d0_0 .net "rtD", 4 0, L_0x55b0222ad0c0;  alias, 1 drivers
v0x55b0222918c0_0 .net "rtE", 4 0, L_0x55b0222ad730;  alias, 1 drivers
v0x55b0222919d0_0 .var "stallD", 0 0;
v0x55b022291a70_0 .var "stallF", 0 0;
v0x55b022291b10_0 .net "wbsrcE", 2 0, L_0x55b0222ad2d0;  alias, 1 drivers
v0x55b022291bd0_0 .net "wbsrcM", 2 0, L_0x55b0222ad900;  alias, 1 drivers
v0x55b022291c70_0 .net "writeregE", 4 0, L_0x55b0222ad560;  alias, 1 drivers
v0x55b022291d60_0 .net "writeregM", 4 0, L_0x55b0222ada70;  alias, 1 drivers
v0x55b022291e70_0 .net "writeregW", 4 0, L_0x55b0222adb50;  alias, 1 drivers
E_0x55b022290e30/0 .event edge, v0x55b02228c1b0_0, v0x55b02228c4f0_0, v0x55b02228c430_0, v0x55b02228c730_0;
E_0x55b022290e30/1 .event edge, v0x55b02228d500_0, v0x55b02228bbe0_0, v0x55b02228cc20_0, v0x55b02228c920_0;
E_0x55b022290e30/2 .event edge, v0x55b02228ce10_0, v0x55b0222910b0_0, v0x55b02228b5a0_0, v0x55b02228b440_0;
E_0x55b022290e30 .event/or E_0x55b022290e30/0, E_0x55b022290e30/1, E_0x55b022290e30/2;
    .scope S_0x55b022286130;
T_0 ;
    %wait E_0x55b02227e760;
    %load/vec4 v0x55b0222866f0_0;
    %flag_set/vec4 8;
    %jmp/0xz  T_0.0, 8;
    %pushi/vec4 0, 0, 32;
    %assign/vec4 v0x55b022286600_0, 0;
    %jmp T_0.1;
T_0.0 ;
    %load/vec4 v0x55b0222867e0_0;
    %nor/r;
    %flag_set/vec4 8;
    %jmp/0xz  T_0.2, 8;
    %load/vec4 v0x55b022286560_0;
    %assign/vec4 v0x55b022286600_0, 0;
    %jmp T_0.3;
T_0.2 ;
    %load/vec4 v0x55b0222863e0_0;
    %assign/vec4 v0x55b022286600_0, 0;
T_0.3 ;
T_0.1 ;
    %jmp T_0;
    .thread T_0;
    .scope S_0x55b022285360;
T_1 ;
    %vpi_call 6 36 "$readmemh", "tb1.dat", v0x55b022285590 {0 0 0};
    %end;
    .thread T_1;
    .scope S_0x55b022275130;
T_2 ;
    %wait E_0x55b0221e85d0;
    %load/vec4 v0x55b0222754d0_0;
    %cmpi/ne 0, 0, 2;
    %flag_mov 8, 4;
    %load/vec4 v0x55b022275b00_0;
    %flag_set/vec4 9;
    %flag_or 9, 8;
    %jmp/0xz  T_2.0, 9;
    %pushi/vec4 0, 0, 32;
    %assign/vec4 v0x55b022275730_0, 0;
    %pushi/vec4 0, 0, 32;
    %assign/vec4 v0x55b022275940_0, 0;
    %jmp T_2.1;
T_2.0 ;
    %load/vec4 v0x55b022275bc0_0;
    %nor/r;
    %flag_set/vec4 8;
    %jmp/0xz  T_2.2, 8;
    %load/vec4 v0x55b022275860_0;
    %assign/vec4 v0x55b022275730_0, 0;
    %load/vec4 v0x55b022275a20_0;
    %assign/vec4 v0x55b022275940_0, 0;
    %jmp T_2.3;
T_2.2 ;
    %load/vec4 v0x55b0222753d0_0;
    %assign/vec4 v0x55b022275730_0, 0;
    %load/vec4 v0x55b022275650_0;
    %assign/vec4 v0x55b022275940_0, 0;
T_2.3 ;
T_2.1 ;
    %jmp T_2;
    .thread T_2;
    .scope S_0x55b0222742c0;
T_3 ;
    %wait E_0x55b0221e9300;
    %load/vec4 v0x55b022274c70_0;
    %cmpi/e 0, 0, 6;
    %jmp/0xz  T_3.0, 4;
    %load/vec4 v0x55b022274890_0;
    %dup/vec4;
    %pushi/vec4 0, 0, 6;
    %cmp/u;
    %jmp/1 T_3.2, 6;
    %dup/vec4;
    %pushi/vec4 32, 0, 6;
    %cmp/u;
    %jmp/1 T_3.3, 6;
    %dup/vec4;
    %pushi/vec4 34, 0, 6;
    %cmp/u;
    %jmp/1 T_3.4, 6;
    %dup/vec4;
    %pushi/vec4 36, 0, 6;
    %cmp/u;
    %jmp/1 T_3.5, 6;
    %dup/vec4;
    %pushi/vec4 37, 0, 6;
    %cmp/u;
    %jmp/1 T_3.6, 6;
    %dup/vec4;
    %pushi/vec4 38, 0, 6;
    %cmp/u;
    %jmp/1 T_3.7, 6;
    %dup/vec4;
    %pushi/vec4 39, 0, 6;
    %cmp/u;
    %jmp/1 T_3.8, 6;
    %dup/vec4;
    %pushi/vec4 42, 0, 6;
    %cmp/u;
    %jmp/1 T_3.9, 6;
    %dup/vec4;
    %pushi/vec4 24, 0, 6;
    %cmp/u;
    %jmp/1 T_3.10, 6;
    %dup/vec4;
    %pushi/vec4 25, 0, 6;
    %cmp/u;
    %jmp/1 T_3.11, 6;
    %dup/vec4;
    %pushi/vec4 18, 0, 6;
    %cmp/u;
    %jmp/1 T_3.12, 6;
    %dup/vec4;
    %pushi/vec4 16, 0, 6;
    %cmp/u;
    %jmp/1 T_3.13, 6;
    %jmp T_3.14;
T_3.2 ;
    %pushi/vec4 0, 0, 16;
    %assign/vec4 v0x55b022274780_0, 0;
    %jmp T_3.14;
T_3.3 ;
    %pushi/vec4 41504, 0, 16;
    %assign/vec4 v0x55b022274780_0, 0;
    %jmp T_3.14;
T_3.4 ;
    %pushi/vec4 42272, 0, 16;
    %assign/vec4 v0x55b022274780_0, 0;
    %jmp T_3.14;
T_3.5 ;
    %pushi/vec4 40992, 0, 16;
    %assign/vec4 v0x55b022274780_0, 0;
    %jmp T_3.14;
T_3.6 ;
    %pushi/vec4 41248, 0, 16;
    %assign/vec4 v0x55b022274780_0, 0;
    %jmp T_3.14;
T_3.7 ;
    %pushi/vec4 41760, 0, 16;
    %assign/vec4 v0x55b022274780_0, 0;
    %jmp T_3.14;
T_3.8 ;
    %pushi/vec4 42016, 0, 16;
    %assign/vec4 v0x55b022274780_0, 0;
    %jmp T_3.14;
T_3.9 ;
    %pushi/vec4 42528, 0, 16;
    %assign/vec4 v0x55b022274780_0, 0;
    %jmp T_3.14;
T_3.10 ;
    %pushi/vec4 8195, 0, 16;
    %assign/vec4 v0x55b022274780_0, 0;
    %jmp T_3.14;
T_3.11 ;
    %pushi/vec4 8194, 0, 16;
    %assign/vec4 v0x55b022274780_0, 0;
    %jmp T_3.14;
T_3.12 ;
    %pushi/vec4 49184, 0, 16;
    %assign/vec4 v0x55b022274780_0, 0;
    %jmp T_3.14;
T_3.13 ;
    %pushi/vec4 57376, 0, 16;
    %assign/vec4 v0x55b022274780_0, 0;
    %jmp T_3.14;
T_3.14 ;
    %pop/vec4 1;
    %jmp T_3.1;
T_3.0 ;
    %load/vec4 v0x55b022274c70_0;
    %dup/vec4;
    %pushi/vec4 8, 0, 6;
    %cmp/u;
    %jmp/1 T_3.15, 6;
    %dup/vec4;
    %pushi/vec4 12, 0, 6;
    %cmp/u;
    %jmp/1 T_3.16, 6;
    %dup/vec4;
    %pushi/vec4 13, 0, 6;
    %cmp/u;
    %jmp/1 T_3.17, 6;
    %dup/vec4;
    %pushi/vec4 14, 0, 6;
    %cmp/u;
    %jmp/1 T_3.18, 6;
    %dup/vec4;
    %pushi/vec4 10, 0, 6;
    %cmp/u;
    %jmp/1 T_3.19, 6;
    %dup/vec4;
    %pushi/vec4 35, 0, 6;
    %cmp/u;
    %jmp/1 T_3.20, 6;
    %dup/vec4;
    %pushi/vec4 43, 0, 6;
    %cmp/u;
    %jmp/1 T_3.21, 6;
    %dup/vec4;
    %pushi/vec4 15, 0, 6;
    %cmp/u;
    %jmp/1 T_3.22, 6;
    %dup/vec4;
    %pushi/vec4 3, 0, 6;
    %cmp/u;
    %jmp/1 T_3.23, 6;
    %dup/vec4;
    %pushi/vec4 5, 0, 6;
    %cmp/u;
    %jmp/1 T_3.24, 6;
    %dup/vec4;
    %pushi/vec4 4, 0, 6;
    %cmp/u;
    %jmp/1 T_3.25, 6;
    %pushi/vec4 65535, 65535, 16;
    %assign/vec4 v0x55b022274780_0, 0;
    %jmp T_3.27;
T_3.15 ;
    %pushi/vec4 41536, 0, 16;
    %assign/vec4 v0x55b022274780_0, 0;
    %jmp T_3.27;
T_3.16 ;
    %pushi/vec4 41088, 0, 16;
    %assign/vec4 v0x55b022274780_0, 0;
    %jmp T_3.27;
T_3.17 ;
    %pushi/vec4 41344, 0, 16;
    %assign/vec4 v0x55b022274780_0, 0;
    %jmp T_3.27;
T_3.18 ;
    %pushi/vec4 41856, 0, 16;
    %assign/vec4 v0x55b022274780_0, 0;
    %jmp T_3.27;
T_3.19 ;
    %pushi/vec4 42560, 0, 16;
    %assign/vec4 v0x55b022274780_0, 0;
    %jmp T_3.27;
T_3.20 ;
    %pushi/vec4 45632, 0, 16;
    %assign/vec4 v0x55b022274780_0, 0;
    %jmp T_3.27;
T_3.21 ;
    %pushi/vec4 10816, 0, 16;
    %assign/vec4 v0x55b022274780_0, 0;
    %jmp T_3.27;
T_3.22 ;
    %pushi/vec4 42816, 0, 16;
    %assign/vec4 v0x55b022274780_0, 0;
    %jmp T_3.27;
T_3.23 ;
    %pushi/vec4 32772, 0, 16;
    %assign/vec4 v0x55b022274780_0, 0;
    %jmp T_3.27;
T_3.24 ;
    %pushi/vec4 9744, 0, 16;
    %assign/vec4 v0x55b022274780_0, 0;
    %jmp T_3.27;
T_3.25 ;
    %pushi/vec4 9736, 0, 16;
    %assign/vec4 v0x55b022274780_0, 0;
    %jmp T_3.27;
T_3.27 ;
    %pop/vec4 1;
T_3.1 ;
    %jmp T_3;
    .thread T_3, $push;
    .scope S_0x55b0222776b0;
T_4 ;
    %wait E_0x55b0221e8bf0;
    %load/vec4 v0x55b022278f20_0;
    %pad/u 32;
    %cmpi/e 1, 0, 32;
    %jmp/0xz  T_4.0, 4;
    %load/vec4 v0x55b022278e40_0;
    %load/vec4 v0x55b022278d80_0;
    %pad/u 7;
    %ix/vec4 3;
    %ix/load 4, 0, 0; Constant delay
    %assign/vec4/a/d v0x55b022278c10, 0, 4;
T_4.0 ;
    %jmp T_4;
    .thread T_4;
    .scope S_0x55b022239d60;
T_5 ;
    %wait E_0x55b0221e8e90;
    %load/vec4 v0x55b022223b80_0;
    %pushi/vec4 2, 0, 2;
    %cmp/e;
    %flag_get/vec4 4;
    %load/vec4 v0x55b022223c80_0;
    %load/vec4 v0x55b022255b10_0;
    %cmp/e;
    %flag_get/vec4 4;
    %inv;
    %and;
    %flag_set/vec4 8;
    %jmp/0xz  T_5.0, 8;
    %pushi/vec4 1, 0, 1;
    %assign/vec4 v0x55b022257140_0, 0;
    %jmp T_5.1;
T_5.0 ;
    %load/vec4 v0x55b022223b80_0;
    %pushi/vec4 1, 0, 2;
    %cmp/e;
    %flag_get/vec4 4;
    %load/vec4 v0x55b022223c80_0;
    %load/vec4 v0x55b022255b10_0;
    %cmp/e;
    %flag_get/vec4 4;
    %and;
    %flag_set/vec4 8;
    %jmp/0xz  T_5.2, 8;
    %pushi/vec4 1, 0, 1;
    %assign/vec4 v0x55b022257140_0, 0;
    %jmp T_5.3;
T_5.2 ;
    %pushi/vec4 0, 0, 1;
    %assign/vec4 v0x55b022257140_0, 0;
T_5.3 ;
T_5.1 ;
    %jmp T_5;
    .thread T_5, $push;
    .scope S_0x55b02227d060;
T_6 ;
    %wait E_0x55b02227d260;
    %load/vec4 v0x55b02227e230_0;
    %dup/vec4;
    %pushi/vec4 0, 0, 3;
    %cmp/u;
    %jmp/1 T_6.0, 6;
    %dup/vec4;
    %pushi/vec4 1, 0, 3;
    %cmp/u;
    %jmp/1 T_6.1, 6;
    %dup/vec4;
    %pushi/vec4 2, 0, 3;
    %cmp/u;
    %jmp/1 T_6.2, 6;
    %dup/vec4;
    %pushi/vec4 3, 0, 3;
    %cmp/u;
    %jmp/1 T_6.3, 6;
    %dup/vec4;
    %pushi/vec4 4, 0, 3;
    %cmp/u;
    %jmp/1 T_6.4, 6;
    %dup/vec4;
    %pushi/vec4 5, 0, 3;
    %cmp/u;
    %jmp/1 T_6.5, 6;
    %dup/vec4;
    %pushi/vec4 6, 0, 3;
    %cmp/u;
    %jmp/1 T_6.6, 6;
    %dup/vec4;
    %pushi/vec4 7, 0, 3;
    %cmp/u;
    %jmp/1 T_6.7, 6;
    %jmp T_6.8;
T_6.0 ;
    %load/vec4 v0x55b02227ded0_0;
    %load/vec4 v0x55b02227dfb0_0;
    %and;
    %assign/vec4 v0x55b02227e310_0, 0;
    %jmp T_6.8;
T_6.1 ;
    %load/vec4 v0x55b02227ded0_0;
    %load/vec4 v0x55b02227dfb0_0;
    %or;
    %assign/vec4 v0x55b02227e310_0, 0;
    %jmp T_6.8;
T_6.2 ;
    %load/vec4 v0x55b02227d2f0_0;
    %assign/vec4 v0x55b02227e310_0, 0;
    %jmp T_6.8;
T_6.3 ;
    %load/vec4 v0x55b02227ded0_0;
    %load/vec4 v0x55b02227dfb0_0;
    %xor;
    %assign/vec4 v0x55b02227e310_0, 0;
    %jmp T_6.8;
T_6.4 ;
    %load/vec4 v0x55b02227ded0_0;
    %load/vec4 v0x55b02227dfb0_0;
    %xnor;
    %assign/vec4 v0x55b02227e310_0, 0;
    %jmp T_6.8;
T_6.5 ;
    %load/vec4 v0x55b02227d2f0_0;
    %assign/vec4 v0x55b02227e310_0, 0;
    %jmp T_6.8;
T_6.6 ;
    %pushi/vec4 0, 0, 31;
    %load/vec4 v0x55b02227d2f0_0;
    %parti/s 1, 31, 6;
    %concat/vec4; draw_concat_vec4
    %assign/vec4 v0x55b02227e310_0, 0;
    %jmp T_6.8;
T_6.7 ;
    %load/vec4 v0x55b02227ded0_0;
    %ix/getv 4, v0x55b02227dfb0_0;
    %shiftl 4;
    %assign/vec4 v0x55b02227e310_0, 0;
    %jmp T_6.8;
T_6.8 ;
    %pop/vec4 1;
    %jmp T_6;
    .thread T_6, $push;
    .scope S_0x55b02227e550;
T_7 ;
    %wait E_0x55b02227e760;
    %load/vec4 v0x55b02227fc60_0;
    %flag_set/vec4 8;
    %jmp/0xz  T_7.0, 8;
    %pushi/vec4 0, 0, 32;
    %assign/vec4 v0x55b02227f8e0_0, 0;
    %pushi/vec4 0, 0, 32;
    %assign/vec4 v0x55b02227faa0_0, 0;
    %pushi/vec4 0, 0, 64;
    %assign/vec4 v0x55b02227fb80_0, 0;
    %pushi/vec4 0, 0, 6;
    %assign/vec4 v0x55b02227f800_0, 0;
    %pushi/vec4 0, 0, 1;
    %assign/vec4 v0x55b02227f740_0, 0;
    %jmp T_7.1;
T_7.0 ;
    %load/vec4 v0x55b02227eb20_0;
    %load/vec4 v0x55b02227ec10_0;
    %nor/r;
    %and;
    %flag_set/vec4 8;
    %jmp/0xz  T_7.2, 8;
    %load/vec4 v0x55b02227f800_0;
    %pad/u 32;
    %cmpi/e 0, 0, 32;
    %jmp/0xz  T_7.4, 4;
    %load/vec4 v0x55b02227f800_0;
    %addi 1, 0, 6;
    %assign/vec4 v0x55b02227f800_0, 0;
    %load/vec4 v0x55b02227ecd0_0;
    %parti/s 1, 0, 2;
    %flag_set/vec4 8;
    %jmp/0 T_7.6, 8;
    %load/vec4 v0x55b02227edb0_0;
    %jmp/1 T_7.7, 8;
T_7.6 ; End of true expr.
    %pushi/vec4 0, 0, 32;
    %jmp/0 T_7.7, 8;
 ; End of false expr.
    %blend;
T_7.7;
    %load/vec4 v0x55b02227ecd0_0;
    %concat/vec4; draw_concat_vec4
    %ix/load 4, 1, 0;
    %flag_set/imm 4, 0;
    %shiftr 4;
    %assign/vec4 v0x55b02227fb80_0, 0;
    %load/vec4 v0x55b02227ecd0_0;
    %parti/s 1, 0, 2;
    %flag_set/vec4 8;
    %jmp/0 T_7.8, 8;
    %load/vec4 v0x55b02227edb0_0;
    %ix/load 4, 1, 0;
    %flag_set/imm 4, 0;
    %shiftr 4;
    %jmp/1 T_7.9, 8;
T_7.8 ; End of true expr.
    %pushi/vec4 0, 0, 32;
    %jmp/0 T_7.9, 8;
 ; End of false expr.
    %blend;
T_7.9;
    %assign/vec4 v0x55b02227e8a0_0, 0;
    %load/vec4 v0x55b02227edb0_0;
    %assign/vec4 v0x55b02227e960_0, 0;
    %jmp T_7.5;
T_7.4 ;
    %load/vec4 v0x55b02227f800_0;
    %pad/u 32;
    %cmpi/u 30, 0, 32;
    %flag_or 5, 4;
    %jmp/0xz  T_7.10, 5;
    %load/vec4 v0x55b02227f800_0;
    %addi 1, 0, 6;
    %assign/vec4 v0x55b02227f800_0, 0;
    %load/vec4 v0x55b02227fb80_0;
    %parti/s 1, 0, 2;
    %flag_set/vec4 8;
    %jmp/0 T_7.12, 8;
    %load/vec4 v0x55b02227e7c0_0;
    %jmp/1 T_7.13, 8;
T_7.12 ; End of true expr.
    %load/vec4 v0x55b02227fb80_0;
    %parti/s 32, 32, 7;
    %jmp/0 T_7.13, 8;
 ; End of false expr.
    %blend;
T_7.13;
    %load/vec4 v0x55b02227fb80_0;
    %parti/s 32, 0, 2;
    %concat/vec4; draw_concat_vec4
    %ix/load 4, 1, 0;
    %flag_set/imm 4, 0;
    %shiftr 4;
    %assign/vec4 v0x55b02227fb80_0, 0;
    %load/vec4 v0x55b02227fb80_0;
    %parti/s 1, 0, 2;
    %flag_set/vec4 8;
    %jmp/0 T_7.14, 8;
    %load/vec4 v0x55b02227e7c0_0;
    %jmp/1 T_7.15, 8;
T_7.14 ; End of true expr.
    %load/vec4 v0x55b02227fb80_0;
    %parti/s 32, 32, 7;
    %jmp/0 T_7.15, 8;
 ; End of false expr.
    %blend;
T_7.15;
    %ix/load 4, 1, 0;
    %flag_set/imm 4, 0;
    %shiftr 4;
    %assign/vec4 v0x55b02227e8a0_0, 0;
    %jmp T_7.11;
T_7.10 ;
    %load/vec4 v0x55b02227f800_0;
    %pad/u 32;
    %cmpi/e 31, 0, 32;
    %jmp/0xz  T_7.16, 4;
    %load/vec4 v0x55b02227f800_0;
    %addi 1, 0, 6;
    %assign/vec4 v0x55b02227f800_0, 0;
    %load/vec4 v0x55b02227fb80_0;
    %parti/s 1, 0, 2;
    %flag_set/vec4 8;
    %jmp/0 T_7.18, 8;
    %load/vec4 v0x55b02227e7c0_0;
    %jmp/1 T_7.19, 8;
T_7.18 ; End of true expr.
    %load/vec4 v0x55b02227fb80_0;
    %parti/s 32, 32, 7;
    %jmp/0 T_7.19, 8;
 ; End of false expr.
    %blend;
T_7.19;
    %load/vec4 v0x55b02227fb80_0;
    %parti/s 32, 0, 2;
    %concat/vec4; draw_concat_vec4
    %ix/load 4, 1, 0;
    %flag_set/imm 4, 0;
    %shiftr 4;
    %assign/vec4 v0x55b02227fb80_0, 0;
    %jmp T_7.17;
T_7.16 ;
    %load/vec4 v0x55b02227f800_0;
    %pad/u 32;
    %cmpi/e 32, 0, 32;
    %jmp/0xz  T_7.20, 4;
    %pushi/vec4 1, 0, 1;
    %assign/vec4 v0x55b02227f740_0, 0;
    %load/vec4 v0x55b02227fb80_0;
    %parti/s 32, 32, 7;
    %assign/vec4 v0x55b02227f8e0_0, 0;
    %load/vec4 v0x55b02227fb80_0;
    %parti/s 32, 0, 2;
    %assign/vec4 v0x55b02227faa0_0, 0;
T_7.20 ;
T_7.17 ;
T_7.11 ;
T_7.5 ;
    %jmp T_7.3;
T_7.2 ;
    %load/vec4 v0x55b02227eb20_0;
    %load/vec4 v0x55b02227ec10_0;
    %and;
    %flag_set/vec4 8;
    %jmp/0xz  T_7.22, 8;
    %load/vec4 v0x55b02227f800_0;
    %pad/u 32;
    %cmpi/e 0, 0, 32;
    %jmp/0xz  T_7.24, 4;
    %load/vec4 v0x55b02227f800_0;
    %addi 1, 0, 6;
    %assign/vec4 v0x55b02227f800_0, 0;
    %load/vec4 v0x55b02227fd00_0;
    %parti/s 1, 0, 2;
    %flag_set/vec4 8;
    %jmp/0 T_7.26, 8;
    %load/vec4 v0x55b02227fde0_0;
    %jmp/1 T_7.27, 8;
T_7.26 ; End of true expr.
    %pushi/vec4 0, 0, 32;
    %jmp/0 T_7.27, 8;
 ; End of false expr.
    %blend;
T_7.27;
    %load/vec4 v0x55b02227fd00_0;
    %concat/vec4; draw_concat_vec4
    %ix/load 4, 1, 0;
    %flag_set/imm 4, 0;
    %shiftr 4;
    %assign/vec4 v0x55b02227fb80_0, 0;
    %load/vec4 v0x55b02227fd00_0;
    %parti/s 1, 0, 2;
    %flag_set/vec4 8;
    %jmp/0 T_7.28, 8;
    %load/vec4 v0x55b02227fde0_0;
    %ix/load 4, 1, 0;
    %flag_set/imm 4, 0;
    %shiftr 4;
    %jmp/1 T_7.29, 8;
T_7.28 ; End of true expr.
    %pushi/vec4 0, 0, 32;
    %jmp/0 T_7.29, 8;
 ; End of false expr.
    %blend;
T_7.29;
    %assign/vec4 v0x55b02227e8a0_0, 0;
    %load/vec4 v0x55b02227fde0_0;
    %assign/vec4 v0x55b02227e960_0, 0;
    %jmp T_7.25;
T_7.24 ;
    %load/vec4 v0x55b02227f800_0;
    %pad/u 32;
    %cmpi/u 30, 0, 32;
    %flag_or 5, 4;
    %jmp/0xz  T_7.30, 5;
    %load/vec4 v0x55b02227f800_0;
    %addi 1, 0, 6;
    %assign/vec4 v0x55b02227f800_0, 0;
    %load/vec4 v0x55b02227fb80_0;
    %parti/s 1, 0, 2;
    %flag_set/vec4 8;
    %jmp/0 T_7.32, 8;
    %load/vec4 v0x55b02227e7c0_0;
    %jmp/1 T_7.33, 8;
T_7.32 ; End of true expr.
    %load/vec4 v0x55b02227fb80_0;
    %parti/s 32, 32, 7;
    %jmp/0 T_7.33, 8;
 ; End of false expr.
    %blend;
T_7.33;
    %load/vec4 v0x55b02227fb80_0;
    %parti/s 32, 0, 2;
    %concat/vec4; draw_concat_vec4
    %ix/load 4, 1, 0;
    %flag_set/imm 4, 0;
    %shiftr 4;
    %assign/vec4 v0x55b02227fb80_0, 0;
    %load/vec4 v0x55b02227fb80_0;
    %parti/s 1, 0, 2;
    %flag_set/vec4 8;
    %jmp/0 T_7.34, 8;
    %load/vec4 v0x55b02227e7c0_0;
    %jmp/1 T_7.35, 8;
T_7.34 ; End of true expr.
    %load/vec4 v0x55b02227fb80_0;
    %parti/s 32, 32, 7;
    %jmp/0 T_7.35, 8;
 ; End of false expr.
    %blend;
T_7.35;
    %ix/load 4, 1, 0;
    %flag_set/imm 4, 0;
    %shiftr 4;
    %assign/vec4 v0x55b02227e8a0_0, 0;
    %jmp T_7.31;
T_7.30 ;
    %load/vec4 v0x55b02227f800_0;
    %pad/u 32;
    %cmpi/e 31, 0, 32;
    %jmp/0xz  T_7.36, 4;
    %load/vec4 v0x55b02227f800_0;
    %addi 1, 0, 6;
    %assign/vec4 v0x55b02227f800_0, 0;
    %load/vec4 v0x55b02227fb80_0;
    %parti/s 1, 0, 2;
    %flag_set/vec4 8;
    %jmp/0 T_7.38, 8;
    %load/vec4 v0x55b02227e7c0_0;
    %jmp/1 T_7.39, 8;
T_7.38 ; End of true expr.
    %load/vec4 v0x55b02227fb80_0;
    %parti/s 32, 32, 7;
    %jmp/0 T_7.39, 8;
 ; End of false expr.
    %blend;
T_7.39;
    %load/vec4 v0x55b02227fb80_0;
    %parti/s 32, 0, 2;
    %concat/vec4; draw_concat_vec4
    %ix/load 4, 1, 0;
    %flag_set/imm 4, 0;
    %shiftr 4;
    %assign/vec4 v0x55b02227fb80_0, 0;
    %jmp T_7.37;
T_7.36 ;
    %load/vec4 v0x55b02227f800_0;
    %pad/u 32;
    %cmpi/e 32, 0, 32;
    %jmp/0xz  T_7.40, 4;
    %load/vec4 v0x55b02227fb80_0;
    %subi 1, 0, 64;
    %inv;
    %assign/vec4 v0x55b02227f9c0_0, 0;
    %load/vec4 v0x55b02227ecd0_0;
    %parti/s 1, 31, 6;
    %load/vec4 v0x55b02227edb0_0;
    %parti/s 1, 31, 6;
    %and;
    %flag_set/vec4 8;
    %load/vec4 v0x55b02227ecd0_0;
    %parti/s 1, 31, 6;
    %inv;
    %load/vec4 v0x55b02227edb0_0;
    %parti/s 1, 31, 6;
    %inv;
    %and;
    %flag_set/vec4 9;
    %flag_or 9, 8;
    %jmp/0xz  T_7.42, 9;
    %pushi/vec4 1, 0, 1;
    %assign/vec4 v0x55b02227f740_0, 0;
    %load/vec4 v0x55b02227fb80_0;
    %parti/s 32, 32, 7;
    %assign/vec4 v0x55b02227f8e0_0, 0;
    %load/vec4 v0x55b02227fb80_0;
    %parti/s 32, 0, 2;
    %assign/vec4 v0x55b02227faa0_0, 0;
    %jmp T_7.43;
T_7.42 ;
    %pushi/vec4 1, 0, 1;
    %assign/vec4 v0x55b02227f740_0, 0;
    %load/vec4 v0x55b02227f9c0_0;
    %parti/s 32, 32, 7;
    %assign/vec4 v0x55b02227f8e0_0, 0;
    %load/vec4 v0x55b02227f9c0_0;
    %parti/s 32, 0, 2;
    %assign/vec4 v0x55b02227faa0_0, 0;
T_7.43 ;
T_7.40 ;
T_7.37 ;
T_7.31 ;
T_7.25 ;
T_7.22 ;
T_7.3 ;
T_7.1 ;
    %jmp T_7;
    .thread T_7;
    .scope S_0x55b02227cad0;
T_8 ;
    %wait E_0x55b02227e760;
    %load/vec4 v0x55b022280a90_0;
    %pad/u 32;
    %cmpi/e 1, 0, 32;
    %flag_mov 8, 4;
    %load/vec4 v0x55b0222848e0_0;
    %flag_set/vec4 9;
    %flag_or 9, 8;
    %jmp/0xz  T_8.0, 9;
    %pushi/vec4 0, 0, 1;
    %assign/vec4 v0x55b0222843a0_0, 0;
    %pushi/vec4 0, 0, 1;
    %assign/vec4 v0x55b022282240_0, 0;
    %pushi/vec4 0, 0, 3;
    %assign/vec4 v0x55b022281230_0, 0;
    %pushi/vec4 0, 0, 1;
    %assign/vec4 v0x55b022280f80_0, 0;
    %pushi/vec4 0, 0, 1;
    %assign/vec4 v0x55b022281fd0_0, 0;
    %pushi/vec4 0, 0, 1;
    %assign/vec4 v0x55b022281790_0, 0;
    %pushi/vec4 0, 0, 1;
    %assign/vec4 v0x55b022281560_0, 0;
    %pushi/vec4 0, 0, 2;
    %assign/vec4 v0x55b022280640_0, 0;
    %pushi/vec4 0, 0, 3;
    %assign/vec4 v0x55b0222801b0_0, 0;
    %pushi/vec4 0, 0, 5;
    %assign/vec4 v0x55b022282590_0, 0;
    %pushi/vec4 0, 0, 5;
    %assign/vec4 v0x55b0222827f0_0, 0;
    %pushi/vec4 0, 0, 5;
    %assign/vec4 v0x55b022281e00_0, 0;
    %pushi/vec4 0, 0, 32;
    %assign/vec4 v0x55b022284660_0, 0;
    %pushi/vec4 0, 0, 32;
    %assign/vec4 v0x55b022284800_0, 0;
    %pushi/vec4 0, 0, 32;
    %assign/vec4 v0x55b022282dd0_0, 0;
    %pushi/vec4 0, 0, 32;
    %assign/vec4 v0x55b022282990_0, 0;
    %pushi/vec4 0, 0, 32;
    %assign/vec4 v0x55b022281990_0, 0;
    %jmp T_8.1;
T_8.0 ;
    %load/vec4 v0x55b022284240_0;
    %assign/vec4 v0x55b0222843a0_0, 0;
    %load/vec4 v0x55b022282090_0;
    %assign/vec4 v0x55b022282240_0, 0;
    %load/vec4 v0x55b022281040_0;
    %assign/vec4 v0x55b022281230_0, 0;
    %load/vec4 v0x55b022280d10_0;
    %assign/vec4 v0x55b022280f80_0, 0;
    %load/vec4 v0x55b022281ee0_0;
    %assign/vec4 v0x55b022281fd0_0, 0;
    %load/vec4 v0x55b022281600_0;
    %assign/vec4 v0x55b022281790_0, 0;
    %load/vec4 v0x55b022281470_0;
    %assign/vec4 v0x55b022281560_0, 0;
    %load/vec4 v0x55b022280530_0;
    %assign/vec4 v0x55b022280640_0, 0;
    %load/vec4 v0x55b0222800d0_0;
    %assign/vec4 v0x55b0222801b0_0, 0;
    %load/vec4 v0x55b022282410_0;
    %assign/vec4 v0x55b022282590_0, 0;
    %load/vec4 v0x55b022282670_0;
    %assign/vec4 v0x55b0222827f0_0, 0;
    %load/vec4 v0x55b022281a70_0;
    %assign/vec4 v0x55b022281e00_0, 0;
    %load/vec4 v0x55b0222845c0_0;
    %assign/vec4 v0x55b022284660_0, 0;
    %load/vec4 v0x55b022284740_0;
    %assign/vec4 v0x55b022284800_0, 0;
    %load/vec4 v0x55b022282cc0_0;
    %assign/vec4 v0x55b022282dd0_0, 0;
    %load/vec4 v0x55b0222828d0_0;
    %assign/vec4 v0x55b022282990_0, 0;
    %load/vec4 v0x55b022281830_0;
    %assign/vec4 v0x55b022281990_0, 0;
T_8.1 ;
    %jmp T_8;
    .thread T_8;
    .scope S_0x55b022287480;
T_9 ;
    %wait E_0x55b0221e8bf0;
    %load/vec4 v0x55b022287930_0;
    %dup/vec4;
    %pushi/vec4 0, 0, 1;
    %cmp/u;
    %jmp/1 T_9.0, 6;
    %dup/vec4;
    %pushi/vec4 1, 0, 1;
    %cmp/u;
    %jmp/1 T_9.1, 6;
    %jmp T_9.2;
T_9.0 ;
    %ix/getv 4, v0x55b022287670_0;
    %load/vec4a v0x55b022287af0, 4;
    %assign/vec4 v0x55b022287780_0, 0;
    %jmp T_9.2;
T_9.1 ;
    %load/vec4 v0x55b022287840_0;
    %ix/getv 3, v0x55b022287670_0;
    %ix/load 4, 0, 0; Constant delay
    %assign/vec4/a/d v0x55b022287af0, 0, 4;
    %jmp T_9.2;
T_9.2 ;
    %pop/vec4 1;
    %jmp T_9;
    .thread T_9;
    .scope S_0x55b022287080;
T_10 ;
    %wait E_0x55b02227e760;
    %load/vec4 v0x55b022288c30_0;
    %assign/vec4 v0x55b022288d00_0, 0;
    %load/vec4 v0x55b022288500_0;
    %assign/vec4 v0x55b0222885d0_0, 0;
    %load/vec4 v0x55b022287f30_0;
    %assign/vec4 v0x55b022287fd0_0, 0;
    %load/vec4 v0x55b022287c30_0;
    %assign/vec4 v0x55b022287d60_0, 0;
    %load/vec4 v0x55b022288670_0;
    %assign/vec4 v0x55b022288740_0, 0;
    %load/vec4 v0x55b022288810_0;
    %assign/vec4 v0x55b0222888e0_0, 0;
    %load/vec4 v0x55b0222880e0_0;
    %assign/vec4 v0x55b0222881a0_0, 0;
    %jmp T_10;
    .thread T_10;
    .scope S_0x55b022289060;
T_11 ;
    %wait E_0x55b02227e760;
    %load/vec4 v0x55b022289da0_0;
    %assign/vec4 v0x55b022289f30_0, 0;
    %load/vec4 v0x55b02228ac50_0;
    %assign/vec4 v0x55b02228acf0_0, 0;
    %load/vec4 v0x55b02228a090_0;
    %assign/vec4 v0x55b02228a350_0, 0;
    %load/vec4 v0x55b022289c20_0;
    %assign/vec4 v0x55b022289ce0_0, 0;
    %load/vec4 v0x55b022289440_0;
    %assign/vec4 v0x55b022289520_0, 0;
    %load/vec4 v0x55b0222899e0_0;
    %assign/vec4 v0x55b022289aa0_0, 0;
    %jmp T_11;
    .thread T_11;
    .scope S_0x55b02228f9b0;
T_12 ;
    %wait E_0x55b022285280;
    %load/vec4 v0x55b022290400_0;
    %pad/u 32;
    %pushi/vec4 0, 0, 32;
    %cmp/e;
    %flag_get/vec4 4;
    %inv;
    %load/vec4 v0x55b022290220_0;
    %and;
    %load/vec4 v0x55b022290400_0;
    %load/vec4 v0x55b022290710_0;
    %cmp/e;
    %flag_get/vec4 4;
    %and;
    %flag_set/vec4 8;
    %jmp/0xz  T_12.0, 8;
    %pushi/vec4 2, 0, 2;
    %assign/vec4 v0x55b02228fe90_0, 0;
    %jmp T_12.1;
T_12.0 ;
    %load/vec4 v0x55b022290400_0;
    %pad/u 32;
    %pushi/vec4 0, 0, 32;
    %cmp/e;
    %flag_get/vec4 4;
    %inv;
    %load/vec4 v0x55b0222902c0_0;
    %and;
    %load/vec4 v0x55b022290400_0;
    %load/vec4 v0x55b0222907b0_0;
    %cmp/e;
    %flag_get/vec4 4;
    %and;
    %flag_set/vec4 8;
    %jmp/0xz  T_12.2, 8;
    %pushi/vec4 1, 0, 2;
    %assign/vec4 v0x55b02228fe90_0, 0;
    %jmp T_12.3;
T_12.2 ;
    %pushi/vec4 0, 0, 2;
    %assign/vec4 v0x55b02228fe90_0, 0;
T_12.3 ;
T_12.1 ;
    %load/vec4 v0x55b0222905d0_0;
    %pad/u 32;
    %pushi/vec4 0, 0, 32;
    %cmp/e;
    %flag_get/vec4 4;
    %inv;
    %load/vec4 v0x55b022290220_0;
    %and;
    %load/vec4 v0x55b0222905d0_0;
    %load/vec4 v0x55b022290710_0;
    %cmp/e;
    %flag_get/vec4 4;
    %and;
    %flag_set/vec4 8;
    %jmp/0xz  T_12.4, 8;
    %pushi/vec4 2, 0, 2;
    %assign/vec4 v0x55b022290040_0, 0;
    %jmp T_12.5;
T_12.4 ;
    %load/vec4 v0x55b0222905d0_0;
    %pad/u 32;
    %pushi/vec4 0, 0, 32;
    %cmp/e;
    %flag_get/vec4 4;
    %inv;
    %load/vec4 v0x55b0222902c0_0;
    %and;
    %load/vec4 v0x55b0222905d0_0;
    %load/vec4 v0x55b0222907b0_0;
    %cmp/e;
    %flag_get/vec4 4;
    %and;
    %flag_set/vec4 8;
    %jmp/0xz  T_12.6, 8;
    %pushi/vec4 1, 0, 2;
    %assign/vec4 v0x55b022290040_0, 0;
    %jmp T_12.7;
T_12.6 ;
    %pushi/vec4 0, 0, 2;
    %assign/vec4 v0x55b022290040_0, 0;
T_12.7 ;
T_12.5 ;
    %load/vec4 v0x55b022290360_0;
    %pad/u 32;
    %pushi/vec4 0, 0, 32;
    %cmp/e;
    %flag_get/vec4 4;
    %inv;
    %load/vec4 v0x55b022290220_0;
    %and;
    %load/vec4 v0x55b022290360_0;
    %load/vec4 v0x55b022290710_0;
    %cmp/e;
    %flag_get/vec4 4;
    %and;
    %flag_set/vec4 8;
    %jmp/0xz  T_12.8, 8;
    %pushi/vec4 1, 0, 1;
    %assign/vec4 v0x55b02228fdd0_0, 0;
    %jmp T_12.9;
T_12.8 ;
    %pushi/vec4 0, 0, 1;
    %assign/vec4 v0x55b02228fdd0_0, 0;
T_12.9 ;
    %load/vec4 v0x55b022290530_0;
    %pad/u 32;
    %pushi/vec4 0, 0, 32;
    %cmp/e;
    %flag_get/vec4 4;
    %inv;
    %load/vec4 v0x55b022290220_0;
    %and;
    %load/vec4 v0x55b022290530_0;
    %load/vec4 v0x55b022290710_0;
    %cmp/e;
    %flag_get/vec4 4;
    %and;
    %flag_set/vec4 8;
    %jmp/0xz  T_12.10, 8;
    %pushi/vec4 1, 0, 1;
    %assign/vec4 v0x55b02228ffa0_0, 0;
    %jmp T_12.11;
T_12.10 ;
    %pushi/vec4 0, 0, 1;
    %assign/vec4 v0x55b02228ffa0_0, 0;
T_12.11 ;
    %jmp T_12;
    .thread T_12, $push;
    .scope S_0x55b022290a30;
T_13 ;
    %pushi/vec4 0, 0, 1;
    %store/vec4 v0x55b0222910b0_0, 0, 1;
    %end;
    .thread T_13;
    .scope S_0x55b022290a30;
T_14 ;
    %wait E_0x55b022290e30;
    %pushi/vec4 0, 0, 1;
    %assign/vec4 v0x55b022291a70_0, 0;
    %pushi/vec4 0, 0, 1;
    %assign/vec4 v0x55b0222919d0_0, 0;
    %pushi/vec4 0, 0, 1;
    %assign/vec4 v0x55b022290fc0_0, 0;
    %load/vec4 v0x55b0222915b0_0;
    %load/vec4 v0x55b0222918c0_0;
    %cmp/e;
    %flag_get/vec4 4;
    %load/vec4 v0x55b0222918c0_0;
    %load/vec4 v0x55b0222917d0_0;
    %cmp/e;
    %flag_get/vec4 4;
    %or;
    %load/vec4 v0x55b022291b10_0;
    %pushi/vec4 3, 0, 3;
    %cmp/e;
    %flag_get/vec4 4;
    %and;
    %flag_set/vec4 8;
    %jmp/0xz  T_14.0, 8;
    %pushi/vec4 1, 0, 1;
    %assign/vec4 v0x55b022291a70_0, 0;
    %pushi/vec4 1, 0, 1;
    %assign/vec4 v0x55b0222919d0_0, 0;
    %pushi/vec4 1, 0, 1;
    %assign/vec4 v0x55b022290fc0_0, 0;
T_14.0 ;
    %load/vec4 v0x55b022290ee0_0;
    %pushi/vec4 0, 0, 2;
    %cmp/e;
    %flag_get/vec4 4;
    %inv;
    %load/vec4 v0x55b0222912e0_0;
    %load/vec4 v0x55b0222915b0_0;
    %load/vec4 v0x55b022291c70_0;
    %cmp/e;
    %flag_get/vec4 4;
    %load/vec4 v0x55b0222917d0_0;
    %load/vec4 v0x55b022291c70_0;
    %cmp/e;
    %flag_get/vec4 4;
    %or;
    %and;
    %load/vec4 v0x55b022291bd0_0;
    %pushi/vec4 3, 0, 3;
    %cmp/e;
    %flag_get/vec4 4;
    %load/vec4 v0x55b0222915b0_0;
    %load/vec4 v0x55b022291d60_0;
    %cmp/e;
    %flag_get/vec4 4;
    %load/vec4 v0x55b0222917d0_0;
    %load/vec4 v0x55b022291d60_0;
    %cmp/e;
    %flag_get/vec4 4;
    %or;
    %and;
    %or;
    %and;
    %flag_set/vec4 8;
    %jmp/0xz  T_14.2, 8;
    %pushi/vec4 1, 0, 1;
    %assign/vec4 v0x55b022291a70_0, 0;
    %pushi/vec4 1, 0, 1;
    %assign/vec4 v0x55b0222919d0_0, 0;
    %pushi/vec4 1, 0, 1;
    %assign/vec4 v0x55b022290fc0_0, 0;
T_14.2 ;
    %load/vec4 v0x55b0222910b0_0;
    %pad/u 32;
    %pushi/vec4 0, 0, 32;
    %cmp/e;
    %flag_get/vec4 4;
    %load/vec4 v0x55b022291150_0;
    %pad/u 32;
    %pushi/vec4 1, 0, 32;
    %cmp/e;
    %flag_get/vec4 4;
    %and;
    %flag_set/vec4 8;
    %jmp/0xz  T_14.4, 8;
    %pushi/vec4 1, 0, 1;
    %assign/vec4 v0x55b022291a70_0, 0;
    %pushi/vec4 1, 0, 1;
    %assign/vec4 v0x55b0222919d0_0, 0;
    %pushi/vec4 1, 0, 1;
    %assign/vec4 v0x55b022290fc0_0, 0;
    %pushi/vec4 1, 0, 1;
    %assign/vec4 v0x55b0222910b0_0, 0;
T_14.4 ;
    %load/vec4 v0x55b0222910b0_0;
    %pad/u 32;
    %pushi/vec4 1, 0, 32;
    %cmp/e;
    %flag_get/vec4 4;
    %load/vec4 v0x55b0222911f0_0;
    %pad/u 32;
    %pushi/vec4 0, 0, 32;
    %cmp/e;
    %flag_get/vec4 4;
    %and;
    %flag_set/vec4 8;
    %jmp/0xz  T_14.6, 8;
    %pushi/vec4 1, 0, 1;
    %assign/vec4 v0x55b022291a70_0, 0;
    %pushi/vec4 1, 0, 1;
    %assign/vec4 v0x55b0222919d0_0, 0;
    %pushi/vec4 1, 0, 1;
    %assign/vec4 v0x55b022290fc0_0, 0;
T_14.6 ;
    %load/vec4 v0x55b0222910b0_0;
    %pad/u 32;
    %pushi/vec4 1, 0, 32;
    %cmp/e;
    %flag_get/vec4 4;
    %load/vec4 v0x55b0222911f0_0;
    %pad/u 32;
    %pushi/vec4 1, 0, 32;
    %cmp/e;
    %flag_get/vec4 4;
    %and;
    %load/vec4 v0x55b022291150_0;
    %pad/u 32;
    %pushi/vec4 1, 0, 32;
    %cmp/e;
    %flag_get/vec4 4;
    %inv;
    %and;
    %flag_set/vec4 8;
    %jmp/0xz  T_14.8, 8;
    %pushi/vec4 1, 0, 1;
    %assign/vec4 v0x55b0222910b0_0, 0;
T_14.8 ;
    %jmp T_14;
    .thread T_14, $push;
    .scope S_0x55b022244fe0;
T_15 ;
    %vpi_call 2 10 "$dumpfile", "dump.vcd" {0 0 0};
    %vpi_call 2 11 "$dumpvars" {0 0 0};
    %pushi/vec4 1, 0, 1;
    %store/vec4 v0x55b022295060_0, 0, 1;
    %pushi/vec4 1, 0, 1;
    %assign/vec4 v0x55b0222951e0_0, 0;
    %delay 500, 0;
    %pushi/vec4 0, 0, 1;
    %assign/vec4 v0x55b022295060_0, 0;
    %pushi/vec4 0, 0, 1;
    %assign/vec4 v0x55b0222951e0_0, 0;
    %delay 500, 0;
    %pushi/vec4 0, 0, 32;
    %store/vec4 v0x55b022295100_0, 0, 32;
T_15.0 ;
    %load/vec4 v0x55b022295100_0;
    %cmpi/s 100, 0, 32;
    %jmp/0xz T_15.1, 5;
    %pushi/vec4 1, 0, 1;
    %assign/vec4 v0x55b022295060_0, 0;
    %delay 500, 0;
    %pushi/vec4 0, 0, 1;
    %assign/vec4 v0x55b022295060_0, 0;
    %delay 500, 0;
    %load/vec4 v0x55b022295100_0;
    %addi 1, 0, 32;
    %store/vec4 v0x55b022295100_0, 0, 32;
    %jmp T_15.0;
T_15.1 ;
    %end;
    .thread T_15;
# The file index is used to find the file name in the following table.
:file_names 14;
    "N/A";
    "<interactive>";
    "testbenches/mips_tb.v";
    "modules/mips.v";
    "modules/datapath.v";
    "modules/decode.v";
    "modules/fetch.v";
    "modules/execute.v";
    "modules/alu.v";
    "modules/multiplier.v";
    "modules/memory.v";
    "modules/data_memory.v";
    "modules/writeback.v";
    "modules/hazard.v";
